[24-Oct-2018 21:31:19 UTC] PHP Parse error:  syntax error, unexpected '<' in /home/ubuntu/workspace/cst336/midterm/index.php on line 3
[24-Oct-2018 21:31:59 UTC] PHP Fatal error:  Call to undefined function filterProducts() in /home/ubuntu/workspace/cst336/midterm/index.php on line 123
[24-Oct-2018 21:31:59 UTC] PHP Stack trace:
[24-Oct-2018 21:31:59 UTC] PHP   1. {main}() /home/ubuntu/workspace/cst336/midterm/index.php:0
[24-Oct-2018 21:32:48 UTC] PHP Fatal error:  Call to undefined function filterProducts() in /home/ubuntu/workspace/cst336/midterm/index.php on line 123
[24-Oct-2018 21:32:48 UTC] PHP Stack trace:
[24-Oct-2018 21:32:48 UTC] PHP   1. {main}() /home/ubuntu/workspace/cst336/midterm/index.php:0
[24-Oct-2018 21:34:24 UTC] PHP Fatal error:  Call to undefined function filterProducts() in /home/ubuntu/workspace/cst336/midterm/index.php on line 127
[24-Oct-2018 21:34:24 UTC] PHP Stack trace:
[24-Oct-2018 21:34:24 UTC] PHP   1. {main}() /home/ubuntu/workspace/cst336/midterm/index.php:0
[24-Oct-2018 21:34:42 UTC] PHP Fatal error:  Call to undefined function filterProducts() in /home/ubuntu/workspace/cst336/midterm/index.php on line 127
[24-Oct-2018 21:34:42 UTC] PHP Stack trace:
[24-Oct-2018 21:34:42 UTC] PHP   1. {main}() /home/ubuntu/workspace/cst336/midterm/index.php:0
[24-Oct-2018 21:55:13 UTC] PHP Parse error:  syntax error, unexpected '}' in /home/ubuntu/workspace/cst336/midterm/index.php on line 21
[27-Oct-2018 05:35:24 UTC] PHP Warning:  include(../../inc/dbConnection.php): failed to open stream: No such file or directory in /home/ubuntu/workspace/cst336/midterm/p2.php on line 3
[27-Oct-2018 05:35:24 UTC] PHP Stack trace:
[27-Oct-2018 05:35:24 UTC] PHP   1. {main}() /home/ubuntu/workspace/cst336/midterm/p2.php:0
[27-Oct-2018 05:35:24 UTC] PHP Warning:  include(): Failed opening '../../inc/dbConnection.php' for inclusion (include_path='.:/usr/share/php:/usr/share/pear') in /home/ubuntu/workspace/cst336/midterm/p2.php on line 3
[27-Oct-2018 05:35:24 UTC] PHP Stack trace:
[27-Oct-2018 05:35:24 UTC] PHP   1. {main}() /home/ubuntu/workspace/cst336/midterm/p2.php:0
[27-Oct-2018 05:35:24 UTC] PHP Fatal error:  Call to undefined function startConnection() in /home/ubuntu/workspace/cst336/midterm/p2.php on line 4
[27-Oct-2018 05:35:24 UTC] PHP Stack trace:
[27-Oct-2018 05:35:24 UTC] PHP   1. {main}() /home/ubuntu/workspace/cst336/midterm/p2.php:0
[27-Oct-2018 05:35:56 UTC] PHP Fatal error:  Uncaught exception 'PDOException' with message 'SQLSTATE[42000]: Syntax error or access violation: 1064 You have an error in your SQL syntax; check the manual that corresponds to your MySQL server version for the right syntax to use near 'Einstein ORDER BY Z,A desc' at line 1' in /home/ubuntu/workspace/cst336/midterm/p2.php:10
Stack trace:
#0 /home/ubuntu/workspace/cst336/midterm/p2.php(10): PDOStatement->execute()
#1 /home/ubuntu/workspace/cst336/midterm/p2.php(59): getAEQuote()
#2 {main}
  thrown in /home/ubuntu/workspace/cst336/midterm/p2.php on line 10
[04-Dec-2018 01:16:03 UTC] PHP Warning:  include(functions.php): failed to open stream: No such file or directory in /home/ubuntu/workspace/cst336/Final_project/index.php on line 4
[04-Dec-2018 01:16:03 UTC] PHP Stack trace:
[04-Dec-2018 01:16:03 UTC] PHP   1. {main}() /home/ubuntu/workspace/cst336/Final_project/index.php:0
[04-Dec-2018 01:16:03 UTC] PHP Warning:  include(): Failed opening 'functions.php' for inclusion (include_path='.:/usr/share/php:/usr/share/pear') in /home/ubuntu/workspace/cst336/Final_project/index.php on line 4
[04-Dec-2018 01:16:03 UTC] PHP Stack trace:
[04-Dec-2018 01:16:03 UTC] PHP   1. {main}() /home/ubuntu/workspace/cst336/Final_project/index.php:0
[04-Dec-2018 01:16:03 UTC] PHP Fatal error:  Call to undefined function displayGenre() in /home/ubuntu/workspace/cst336/Final_project/index.php on line 89
[04-Dec-2018 01:16:03 UTC] PHP Stack trace:
[04-Dec-2018 01:16:03 UTC] PHP   1. {main}() /home/ubuntu/workspace/cst336/Final_project/index.php:0
[04-Dec-2018 01:16:24 UTC] PHP Warning:  include(../../inc/dbConnection.php): failed to open stream: No such file or directory in /home/ubuntu/workspace/cst336/Final_project/admin.php on line 6
[04-Dec-2018 01:16:24 UTC] PHP Stack trace:
[04-Dec-2018 01:16:24 UTC] PHP   1. {main}() /home/ubuntu/workspace/cst336/Final_project/admin.php:0
[04-Dec-2018 01:16:24 UTC] PHP Warning:  include(): Failed opening '../../inc/dbConnection.php' for inclusion (include_path='.:/usr/share/php:/usr/share/pear') in /home/ubuntu/workspace/cst336/Final_project/admin.php on line 6
[04-Dec-2018 01:16:24 UTC] PHP Stack trace:
[04-Dec-2018 01:16:24 UTC] PHP   1. {main}() /home/ubuntu/workspace/cst336/Final_project/admin.php:0
[04-Dec-2018 01:16:24 UTC] PHP Fatal error:  Call to undefined function startConnection() in /home/ubuntu/workspace/cst336/Final_project/admin.php on line 7
[04-Dec-2018 01:16:24 UTC] PHP Stack trace:
[04-Dec-2018 01:16:24 UTC] PHP   1. {main}() /home/ubuntu/workspace/cst336/Final_project/admin.php:0
[04-Dec-2018 01:16:42 UTC] PHP Warning:  include(functions.php): failed to open stream: No such file or directory in /home/ubuntu/workspace/cst336/Final_project/index.php on line 4
[04-Dec-2018 01:16:42 UTC] PHP Stack trace:
[04-Dec-2018 01:16:42 UTC] PHP   1. {main}() /home/ubuntu/workspace/cst336/Final_project/index.php:0
[04-Dec-2018 01:16:42 UTC] PHP Warning:  include(): Failed opening 'functions.php' for inclusion (include_path='.:/usr/share/php:/usr/share/pear') in /home/ubuntu/workspace/cst336/Final_project/index.php on line 4
[04-Dec-2018 01:16:42 UTC] PHP Stack trace:
[04-Dec-2018 01:16:42 UTC] PHP   1. {main}() /home/ubuntu/workspace/cst336/Final_project/index.php:0
[04-Dec-2018 01:16:42 UTC] PHP Fatal error:  Call to undefined function displayGenre() in /home/ubuntu/workspace/cst336/Final_project/index.php on line 89
[04-Dec-2018 01:16:42 UTC] PHP Stack trace:
[04-Dec-2018 01:16:42 UTC] PHP   1. {main}() /home/ubuntu/workspace/cst336/Final_project/index.php:0
[04-Dec-2018 01:18:53 UTC] PHP Warning:  include(functions.php): failed to open stream: No such file or directory in /home/ubuntu/workspace/cst336/Final_project/index.php on line 4
[04-Dec-2018 01:18:53 UTC] PHP Stack trace:
[04-Dec-2018 01:18:53 UTC] PHP   1. {main}() /home/ubuntu/workspace/cst336/Final_project/index.php:0
[04-Dec-2018 01:18:53 UTC] PHP Warning:  include(): Failed opening 'functions.php' for inclusion (include_path='.:/usr/share/php:/usr/share/pear') in /home/ubuntu/workspace/cst336/Final_project/index.php on line 4
[04-Dec-2018 01:18:53 UTC] PHP Stack trace:
[04-Dec-2018 01:18:53 UTC] PHP   1. {main}() /home/ubuntu/workspace/cst336/Final_project/index.php:0
[04-Dec-2018 01:18:53 UTC] PHP Fatal error:  Call to undefined function displayGenre() in /home/ubuntu/workspace/cst336/Final_project/index.php on line 89
[04-Dec-2018 01:18:53 UTC] PHP Stack trace:
[04-Dec-2018 01:18:53 UTC] PHP   1. {main}() /home/ubuntu/workspace/cst336/Final_project/index.php:0
[04-Dec-2018 01:18:55 UTC] PHP Warning:  include(functions.php): failed to open stream: No such file or directory in /home/ubuntu/workspace/cst336/Final_project/index.php on line 4
[04-Dec-2018 01:18:55 UTC] PHP Stack trace:
[04-Dec-2018 01:18:55 UTC] PHP   1. {main}() /home/ubuntu/workspace/cst336/Final_project/index.php:0
[04-Dec-2018 01:18:55 UTC] PHP Warning:  include(): Failed opening 'functions.php' for inclusion (include_path='.:/usr/share/php:/usr/share/pear') in /home/ubuntu/workspace/cst336/Final_project/index.php on line 4
[04-Dec-2018 01:18:55 UTC] PHP Stack trace:
[04-Dec-2018 01:18:55 UTC] PHP   1. {main}() /home/ubuntu/workspace/cst336/Final_project/index.php:0
[04-Dec-2018 01:18:55 UTC] PHP Fatal error:  Call to undefined function displayGenre() in /home/ubuntu/workspace/cst336/Final_project/index.php on line 89
[04-Dec-2018 01:18:55 UTC] PHP Stack trace:
[04-Dec-2018 01:18:55 UTC] PHP   1. {main}() /home/ubuntu/workspace/cst336/Final_project/index.php:0
[04-Dec-2018 01:18:57 UTC] PHP Warning:  include(../../inc/dbConnection.php): failed to open stream: No such file or directory in /home/ubuntu/workspace/cst336/Final_project/admin.php on line 6
[04-Dec-2018 01:18:57 UTC] PHP Stack trace:
[04-Dec-2018 01:18:57 UTC] PHP   1. {main}() /home/ubuntu/workspace/cst336/Final_project/admin.php:0
[04-Dec-2018 01:18:57 UTC] PHP Warning:  include(): Failed opening '../../inc/dbConnection.php' for inclusion (include_path='.:/usr/share/php:/usr/share/pear') in /home/ubuntu/workspace/cst336/Final_project/admin.php on line 6
[04-Dec-2018 01:18:57 UTC] PHP Stack trace:
[04-Dec-2018 01:18:57 UTC] PHP   1. {main}() /home/ubuntu/workspace/cst336/Final_project/admin.php:0
[04-Dec-2018 01:18:57 UTC] PHP Fatal error:  Call to undefined function startConnection() in /home/ubuntu/workspace/cst336/Final_project/admin.php on line 7
[04-Dec-2018 01:18:57 UTC] PHP Stack trace:
[04-Dec-2018 01:18:57 UTC] PHP   1. {main}() /home/ubuntu/workspace/cst336/Final_project/admin.php:0
[04-Dec-2018 01:21:03 UTC] PHP Warning:  include(../../../inc/dbConnection.php): failed to open stream: No such file or directory in /home/ubuntu/workspace/cst336/Final_project/admin.php on line 6
[04-Dec-2018 01:21:03 UTC] PHP Stack trace:
[04-Dec-2018 01:21:03 UTC] PHP   1. {main}() /home/ubuntu/workspace/cst336/Final_project/admin.php:0
[04-Dec-2018 01:21:03 UTC] PHP Warning:  include(): Failed opening '../../../inc/dbConnection.php' for inclusion (include_path='.:/usr/share/php:/usr/share/pear') in /home/ubuntu/workspace/cst336/Final_project/admin.php on line 6
[04-Dec-2018 01:21:03 UTC] PHP Stack trace:
[04-Dec-2018 01:21:03 UTC] PHP   1. {main}() /home/ubuntu/workspace/cst336/Final_project/admin.php:0
[04-Dec-2018 01:21:03 UTC] PHP Fatal error:  Call to undefined function startConnection() in /home/ubuntu/workspace/cst336/Final_project/admin.php on line 7
[04-Dec-2018 01:21:03 UTC] PHP Stack trace:
[04-Dec-2018 01:21:03 UTC] PHP   1. {main}() /home/ubuntu/workspace/cst336/Final_project/admin.php:0
[04-Dec-2018 01:21:04 UTC] PHP Warning:  include(../../../inc/dbConnection.php): failed to open stream: No such file or directory in /home/ubuntu/workspace/cst336/Final_project/admin.php on line 6
[04-Dec-2018 01:21:04 UTC] PHP Stack trace:
[04-Dec-2018 01:21:04 UTC] PHP   1. {main}() /home/ubuntu/workspace/cst336/Final_project/admin.php:0
[04-Dec-2018 01:21:04 UTC] PHP Warning:  include(): Failed opening '../../../inc/dbConnection.php' for inclusion (include_path='.:/usr/share/php:/usr/share/pear') in /home/ubuntu/workspace/cst336/Final_project/admin.php on line 6
[04-Dec-2018 01:21:04 UTC] PHP Stack trace:
[04-Dec-2018 01:21:04 UTC] PHP   1. {main}() /home/ubuntu/workspace/cst336/Final_project/admin.php:0
[04-Dec-2018 01:21:04 UTC] PHP Fatal error:  Call to undefined function startConnection() in /home/ubuntu/workspace/cst336/Final_project/admin.php on line 7
[04-Dec-2018 01:21:04 UTC] PHP Stack trace:
[04-Dec-2018 01:21:04 UTC] PHP   1. {main}() /home/ubuntu/workspace/cst336/Final_project/admin.php:0
[04-Dec-2018 01:21:06 UTC] PHP Warning:  include(../../../inc/dbConnection.php): failed to open stream: No such file or directory in /home/ubuntu/workspace/cst336/Final_project/admin.php on line 6
[04-Dec-2018 01:21:06 UTC] PHP Stack trace:
[04-Dec-2018 01:21:06 UTC] PHP   1. {main}() /home/ubuntu/workspace/cst336/Final_project/admin.php:0
[04-Dec-2018 01:21:06 UTC] PHP Warning:  include(): Failed opening '../../../inc/dbConnection.php' for inclusion (include_path='.:/usr/share/php:/usr/share/pear') in /home/ubuntu/workspace/cst336/Final_project/admin.php on line 6
[04-Dec-2018 01:21:06 UTC] PHP Stack trace:
[04-Dec-2018 01:21:06 UTC] PHP   1. {main}() /home/ubuntu/workspace/cst336/Final_project/admin.php:0
[04-Dec-2018 01:21:06 UTC] PHP Fatal error:  Call to undefined function startConnection() in /home/ubuntu/workspace/cst336/Final_project/admin.php on line 7
[04-Dec-2018 01:21:06 UTC] PHP Stack trace:
[04-Dec-2018 01:21:06 UTC] PHP   1. {main}() /home/ubuntu/workspace/cst336/Final_project/admin.php:0
[04-Dec-2018 01:21:07 UTC] PHP Warning:  include(../../../inc/dbConnection.php): failed to open stream: No such file or directory in /home/ubuntu/workspace/cst336/Final_project/admin.php on line 6
[04-Dec-2018 01:21:07 UTC] PHP Stack trace:
[04-Dec-2018 01:21:07 UTC] PHP   1. {main}() /home/ubuntu/workspace/cst336/Final_project/admin.php:0
[04-Dec-2018 01:21:07 UTC] PHP Warning:  include(): Failed opening '../../../inc/dbConnection.php' for inclusion (include_path='.:/usr/share/php:/usr/share/pear') in /home/ubuntu/workspace/cst336/Final_project/admin.php on line 6
[04-Dec-2018 01:21:07 UTC] PHP Stack trace:
[04-Dec-2018 01:21:07 UTC] PHP   1. {main}() /home/ubuntu/workspace/cst336/Final_project/admin.php:0
[04-Dec-2018 01:21:07 UTC] PHP Fatal error:  Call to undefined function startConnection() in /home/ubuntu/workspace/cst336/Final_project/admin.php on line 7
[04-Dec-2018 01:21:07 UTC] PHP Stack trace:
[04-Dec-2018 01:21:07 UTC] PHP   1. {main}() /home/ubuntu/workspace/cst336/Final_project/admin.php:0
[04-Dec-2018 01:23:59 UTC] PHP Warning:  include(functions.php): failed to open stream: No such file or directory in /home/ubuntu/workspace/cst336/Final_project/index.php on line 4
[04-Dec-2018 01:23:59 UTC] PHP Stack trace:
[04-Dec-2018 01:23:59 UTC] PHP   1. {main}() /home/ubuntu/workspace/cst336/Final_project/index.php:0
[04-Dec-2018 01:23:59 UTC] PHP Warning:  include(): Failed opening 'functions.php' for inclusion (include_path='.:/usr/share/php:/usr/share/pear') in /home/ubuntu/workspace/cst336/Final_project/index.php on line 4
[04-Dec-2018 01:23:59 UTC] PHP Stack trace:
[04-Dec-2018 01:23:59 UTC] PHP   1. {main}() /home/ubuntu/workspace/cst336/Final_project/index.php:0
[04-Dec-2018 01:23:59 UTC] PHP Fatal error:  Call to undefined function displayGenre() in /home/ubuntu/workspace/cst336/Final_project/index.php on line 90
[04-Dec-2018 01:23:59 UTC] PHP Stack trace:
[04-Dec-2018 01:23:59 UTC] PHP   1. {main}() /home/ubuntu/workspace/cst336/Final_project/index.php:0
[04-Dec-2018 01:25:37 UTC] PHP Fatal error:  Call to undefined function displayGenre() in /home/ubuntu/workspace/cst336/Final_project/index.php on line 90
[04-Dec-2018 01:25:37 UTC] PHP Stack trace:
[04-Dec-2018 01:25:37 UTC] PHP   1. {main}() /home/ubuntu/workspace/cst336/Final_project/index.php:0
[04-Dec-2018 01:25:47 UTC] PHP Fatal error:  Call to undefined function displayGenre() in /home/ubuntu/workspace/cst336/Final_project/index.php on line 90
[04-Dec-2018 01:25:47 UTC] PHP Stack trace:
[04-Dec-2018 01:25:47 UTC] PHP   1. {main}() /home/ubuntu/workspace/cst336/Final_project/index.php:0
[04-Dec-2018 01:25:52 UTC] PHP Fatal error:  Call to undefined function displayGenre() in /home/ubuntu/workspace/cst336/Final_project/index.php on line 90
[04-Dec-2018 01:25:52 UTC] PHP Stack trace:
[04-Dec-2018 01:25:52 UTC] PHP   1. {main}() /home/ubuntu/workspace/cst336/Final_project/index.php:0
[04-Dec-2018 01:25:55 UTC] PHP Warning:  include(../../inc/dbConnection.php): failed to open stream: No such file or directory in /home/ubuntu/workspace/cst336/Final_project/admin.php on line 6
[04-Dec-2018 01:25:55 UTC] PHP Stack trace:
[04-Dec-2018 01:25:55 UTC] PHP   1. {main}() /home/ubuntu/workspace/cst336/Final_project/admin.php:0
[04-Dec-2018 01:25:55 UTC] PHP Warning:  include(): Failed opening '../../inc/dbConnection.php' for inclusion (include_path='.:/usr/share/php:/usr/share/pear') in /home/ubuntu/workspace/cst336/Final_project/admin.php on line 6
[04-Dec-2018 01:25:55 UTC] PHP Stack trace:
[04-Dec-2018 01:25:55 UTC] PHP   1. {main}() /home/ubuntu/workspace/cst336/Final_project/admin.php:0
[04-Dec-2018 01:25:55 UTC] PHP Fatal error:  Call to undefined function startConnection() in /home/ubuntu/workspace/cst336/Final_project/admin.php on line 7
[04-Dec-2018 01:25:55 UTC] PHP Stack trace:
[04-Dec-2018 01:25:55 UTC] PHP   1. {main}() /home/ubuntu/workspace/cst336/Final_project/admin.php:0
[04-Dec-2018 01:26:00 UTC] PHP Fatal error:  Call to undefined function displayGenre() in /home/ubuntu/workspace/cst336/Final_project/index.php on line 90
[04-Dec-2018 01:26:00 UTC] PHP Stack trace:
[04-Dec-2018 01:26:00 UTC] PHP   1. {main}() /home/ubuntu/workspace/cst336/Final_project/index.php:0
[04-Dec-2018 01:26:07 UTC] PHP Warning:  include(../../inc/dbConnection.php): failed to open stream: No such file or directory in /home/ubuntu/workspace/cst336/Final_project/admin.php on line 6
[04-Dec-2018 01:26:07 UTC] PHP Stack trace:
[04-Dec-2018 01:26:07 UTC] PHP   1. {main}() /home/ubuntu/workspace/cst336/Final_project/admin.php:0
[04-Dec-2018 01:26:07 UTC] PHP Warning:  include(): Failed opening '../../inc/dbConnection.php' for inclusion (include_path='.:/usr/share/php:/usr/share/pear') in /home/ubuntu/workspace/cst336/Final_project/admin.php on line 6
[04-Dec-2018 01:26:07 UTC] PHP Stack trace:
[04-Dec-2018 01:26:07 UTC] PHP   1. {main}() /home/ubuntu/workspace/cst336/Final_project/admin.php:0
[04-Dec-2018 01:26:07 UTC] PHP Fatal error:  Call to undefined function startConnection() in /home/ubuntu/workspace/cst336/Final_project/admin.php on line 7
[04-Dec-2018 01:26:07 UTC] PHP Stack trace:
[04-Dec-2018 01:26:07 UTC] PHP   1. {main}() /home/ubuntu/workspace/cst336/Final_project/admin.php:0
[04-Dec-2018 01:34:27 UTC] PHP Fatal error:  Call to undefined function displayGenre() in /home/ubuntu/workspace/cst336/Final_project/index.php on line 90
[04-Dec-2018 01:34:27 UTC] PHP Stack trace:
[04-Dec-2018 01:34:27 UTC] PHP   1. {main}() /home/ubuntu/workspace/cst336/Final_project/index.php:0
[04-Dec-2018 01:34:32 UTC] PHP Fatal error:  Call to undefined function displayGenre() in /home/ubuntu/workspace/cst336/Final_project/index.php on line 90
[04-Dec-2018 01:34:32 UTC] PHP Stack trace:
[04-Dec-2018 01:34:32 UTC] PHP   1. {main}() /home/ubuntu/workspace/cst336/Final_project/index.php:0
[04-Dec-2018 01:34:35 UTC] PHP Fatal error:  Call to undefined function displayGenre() in /home/ubuntu/workspace/cst336/Final_project/index.php on line 90
[04-Dec-2018 01:34:35 UTC] PHP Stack trace:
[04-Dec-2018 01:34:35 UTC] PHP   1. {main}() /home/ubuntu/workspace/cst336/Final_project/index.php:0
[04-Dec-2018 01:34:39 UTC] PHP Fatal error:  Call to undefined function displayGenre() in /home/ubuntu/workspace/cst336/Final_project/index.php on line 90
[04-Dec-2018 01:34:39 UTC] PHP Stack trace:
[04-Dec-2018 01:34:39 UTC] PHP   1. {main}() /home/ubuntu/workspace/cst336/Final_project/index.php:0
[04-Dec-2018 01:34:40 UTC] PHP Fatal error:  Call to undefined function displayGenre() in /home/ubuntu/workspace/cst336/Final_project/index.php on line 90
[04-Dec-2018 01:34:40 UTC] PHP Stack trace:
[04-Dec-2018 01:34:40 UTC] PHP   1. {main}() /home/ubuntu/workspace/cst336/Final_project/index.php:0
[04-Dec-2018 01:34:41 UTC] PHP Fatal error:  Call to undefined function displayGenre() in /home/ubuntu/workspace/cst336/Final_project/index.php on line 90
[04-Dec-2018 01:34:41 UTC] PHP Stack trace:
[04-Dec-2018 01:34:41 UTC] PHP   1. {main}() /home/ubuntu/workspace/cst336/Final_project/index.php:0
[04-Dec-2018 01:34:46 UTC] PHP Fatal error:  Call to undefined function displayGenre() in /home/ubuntu/workspace/cst336/Final_project/index.php on line 90
[04-Dec-2018 01:34:46 UTC] PHP Stack trace:
[04-Dec-2018 01:34:46 UTC] PHP   1. {main}() /home/ubuntu/workspace/cst336/Final_project/index.php:0
[04-Dec-2018 01:34:54 UTC] PHP Fatal error:  Call to undefined function displayGenre() in /home/ubuntu/workspace/cst336/Final_project/index.php on line 90
[04-Dec-2018 01:34:54 UTC] PHP Stack trace:
[04-Dec-2018 01:34:54 UTC] PHP   1. {main}() /home/ubuntu/workspace/cst336/Final_project/index.php:0
[04-Dec-2018 01:34:56 UTC] PHP Fatal error:  Call to undefined function displayGenre() in /home/ubuntu/workspace/cst336/Final_project/index.php on line 90
[04-Dec-2018 01:34:56 UTC] PHP Stack trace:
[04-Dec-2018 01:34:56 UTC] PHP   1. {main}() /home/ubuntu/workspace/cst336/Final_project/index.php:0
[04-Dec-2018 01:34:57 UTC] PHP Fatal error:  Call to undefined function displayGenre() in /home/ubuntu/workspace/cst336/Final_project/index.php on line 90
[04-Dec-2018 01:34:57 UTC] PHP Stack trace:
[04-Dec-2018 01:34:57 UTC] PHP   1. {main}() /home/ubuntu/workspace/cst336/Final_project/index.php:0
[04-Dec-2018 01:34:58 UTC] PHP Fatal error:  Call to undefined function displayGenre() in /home/ubuntu/workspace/cst336/Final_project/index.php on line 90
[04-Dec-2018 01:34:58 UTC] PHP Stack trace:
[04-Dec-2018 01:34:58 UTC] PHP   1. {main}() /home/ubuntu/workspace/cst336/Final_project/index.php:0
[04-Dec-2018 01:35:10 UTC] PHP Warning:  include(../../inc/dbConnection.php): failed to open stream: No such file or directory in /home/ubuntu/workspace/cst336/Final_project/admin.php on line 6
[04-Dec-2018 01:35:10 UTC] PHP Stack trace:
[04-Dec-2018 01:35:10 UTC] PHP   1. {main}() /home/ubuntu/workspace/cst336/Final_project/admin.php:0
[04-Dec-2018 01:35:10 UTC] PHP Warning:  include(): Failed opening '../../inc/dbConnection.php' for inclusion (include_path='.:/usr/share/php:/usr/share/pear') in /home/ubuntu/workspace/cst336/Final_project/admin.php on line 6
[04-Dec-2018 01:35:10 UTC] PHP Stack trace:
[04-Dec-2018 01:35:10 UTC] PHP   1. {main}() /home/ubuntu/workspace/cst336/Final_project/admin.php:0
[04-Dec-2018 01:35:10 UTC] PHP Fatal error:  Call to undefined function startConnection() in /home/ubuntu/workspace/cst336/Final_project/admin.php on line 7
[04-Dec-2018 01:35:10 UTC] PHP Stack trace:
[04-Dec-2018 01:35:10 UTC] PHP   1. {main}() /home/ubuntu/workspace/cst336/Final_project/admin.php:0
[04-Dec-2018 01:37:12 UTC] PHP Warning:  include(../../inc/dbConnection.php): failed to open stream: No such file or directory in /home/ubuntu/workspace/cst336/Final_project/admin.php on line 6
[04-Dec-2018 01:37:12 UTC] PHP Stack trace:
[04-Dec-2018 01:37:12 UTC] PHP   1. {main}() /home/ubuntu/workspace/cst336/Final_project/admin.php:0
[04-Dec-2018 01:37:12 UTC] PHP Warning:  include(): Failed opening '../../inc/dbConnection.php' for inclusion (include_path='.:/usr/share/php:/usr/share/pear') in /home/ubuntu/workspace/cst336/Final_project/admin.php on line 6
[04-Dec-2018 01:37:12 UTC] PHP Stack trace:
[04-Dec-2018 01:37:12 UTC] PHP   1. {main}() /home/ubuntu/workspace/cst336/Final_project/admin.php:0
[04-Dec-2018 01:37:12 UTC] PHP Fatal error:  Call to undefined function startConnection() in /home/ubuntu/workspace/cst336/Final_project/admin.php on line 7
[04-Dec-2018 01:37:12 UTC] PHP Stack trace:
[04-Dec-2018 01:37:12 UTC] PHP   1. {main}() /home/ubuntu/workspace/cst336/Final_project/admin.php:0
[04-Dec-2018 01:37:14 UTC] PHP Warning:  include(../../inc/dbConnection.php): failed to open stream: No such file or directory in /home/ubuntu/workspace/cst336/Final_project/admin.php on line 6
[04-Dec-2018 01:37:14 UTC] PHP Stack trace:
[04-Dec-2018 01:37:14 UTC] PHP   1. {main}() /home/ubuntu/workspace/cst336/Final_project/admin.php:0
[04-Dec-2018 01:37:14 UTC] PHP Warning:  include(): Failed opening '../../inc/dbConnection.php' for inclusion (include_path='.:/usr/share/php:/usr/share/pear') in /home/ubuntu/workspace/cst336/Final_project/admin.php on line 6
[04-Dec-2018 01:37:14 UTC] PHP Stack trace:
[04-Dec-2018 01:37:14 UTC] PHP   1. {main}() /home/ubuntu/workspace/cst336/Final_project/admin.php:0
[04-Dec-2018 01:37:14 UTC] PHP Fatal error:  Call to undefined function startConnection() in /home/ubuntu/workspace/cst336/Final_project/admin.php on line 7
[04-Dec-2018 01:37:14 UTC] PHP Stack trace:
[04-Dec-2018 01:37:14 UTC] PHP   1. {main}() /home/ubuntu/workspace/cst336/Final_project/admin.php:0
[04-Dec-2018 01:37:15 UTC] PHP Fatal error:  Call to undefined function displayGenre() in /home/ubuntu/workspace/cst336/Final_project/index.php on line 90
[04-Dec-2018 01:37:15 UTC] PHP Stack trace:
[04-Dec-2018 01:37:15 UTC] PHP   1. {main}() /home/ubuntu/workspace/cst336/Final_project/index.php:0
[04-Dec-2018 01:37:17 UTC] PHP Fatal error:  Call to undefined function displayGenre() in /home/ubuntu/workspace/cst336/Final_project/index.php on line 90
[04-Dec-2018 01:37:17 UTC] PHP Stack trace:
[04-Dec-2018 01:37:17 UTC] PHP   1. {main}() /home/ubuntu/workspace/cst336/Final_project/index.php:0
[04-Dec-2018 01:37:19 UTC] PHP Warning:  include(../../inc/dbConnection.php): failed to open stream: No such file or directory in /home/ubuntu/workspace/cst336/Final_project/loginProcess.php on line 4
[04-Dec-2018 01:37:19 UTC] PHP Stack trace:
[04-Dec-2018 01:37:19 UTC] PHP   1. {main}() /home/ubuntu/workspace/cst336/Final_project/loginProcess.php:0
[04-Dec-2018 01:37:19 UTC] PHP Warning:  include(): Failed opening '../../inc/dbConnection.php' for inclusion (include_path='.:/usr/share/php:/usr/share/pear') in /home/ubuntu/workspace/cst336/Final_project/loginProcess.php on line 4
[04-Dec-2018 01:37:19 UTC] PHP Stack trace:
[04-Dec-2018 01:37:19 UTC] PHP   1. {main}() /home/ubuntu/workspace/cst336/Final_project/loginProcess.php:0
[04-Dec-2018 01:37:19 UTC] PHP Fatal error:  Call to undefined function startConnection() in /home/ubuntu/workspace/cst336/Final_project/loginProcess.php on line 5
[04-Dec-2018 01:37:19 UTC] PHP Stack trace:
[04-Dec-2018 01:37:19 UTC] PHP   1. {main}() /home/ubuntu/workspace/cst336/Final_project/loginProcess.php:0
[04-Dec-2018 01:37:34 UTC] PHP Fatal error:  Call to undefined function displayGenre() in /home/ubuntu/workspace/cst336/Final_project/index.php on line 90
[04-Dec-2018 01:37:34 UTC] PHP Stack trace:
[04-Dec-2018 01:37:34 UTC] PHP   1. {main}() /home/ubuntu/workspace/cst336/Final_project/index.php:0
[04-Dec-2018 01:37:36 UTC] PHP Fatal error:  Call to undefined function displayGenre() in /home/ubuntu/workspace/cst336/Final_project/index.php on line 90
[04-Dec-2018 01:37:36 UTC] PHP Stack trace:
[04-Dec-2018 01:37:36 UTC] PHP   1. {main}() /home/ubuntu/workspace/cst336/Final_project/index.php:0
[04-Dec-2018 01:37:45 UTC] PHP Fatal error:  Call to undefined function displayGenre() in /home/ubuntu/workspace/cst336/Final_project/index.php on line 90
[04-Dec-2018 01:37:45 UTC] PHP Stack trace:
[04-Dec-2018 01:37:45 UTC] PHP   1. {main}() /home/ubuntu/workspace/cst336/Final_project/index.php:0
[04-Dec-2018 01:47:51 UTC] PHP Fatal error:  Call to undefined function displayGenre() in /home/ubuntu/workspace/cst336/Final_project/index.php on line 90
[04-Dec-2018 01:47:51 UTC] PHP Stack trace:
[04-Dec-2018 01:47:51 UTC] PHP   1. {main}() /home/ubuntu/workspace/cst336/Final_project/index.php:0
[04-Dec-2018 01:47:54 UTC] PHP Fatal error:  Call to undefined function displayGenre() in /home/ubuntu/workspace/cst336/Final_project/index.php on line 90
[04-Dec-2018 01:47:54 UTC] PHP Stack trace:
[04-Dec-2018 01:47:54 UTC] PHP   1. {main}() /home/ubuntu/workspace/cst336/Final_project/index.php:0
[04-Dec-2018 08:30:25 UTC] PHP Fatal error:  Call to undefined function displayGenre() in /home/ubuntu/workspace/cst336/Final_project/index.php on line 90
[04-Dec-2018 08:30:25 UTC] PHP Stack trace:
[04-Dec-2018 08:30:25 UTC] PHP   1. {main}() /home/ubuntu/workspace/cst336/Final_project/index.php:0
[04-Dec-2018 08:30:42 UTC] PHP Fatal error:  Call to undefined function displayGenre() in /home/ubuntu/workspace/cst336/Final_project/index.php on line 90
[04-Dec-2018 08:30:42 UTC] PHP Stack trace:
[04-Dec-2018 08:30:42 UTC] PHP   1. {main}() /home/ubuntu/workspace/cst336/Final_project/index.php:0
[04-Dec-2018 08:43:24 UTC] PHP Fatal error:  Call to undefined function displayGenre() in /home/ubuntu/workspace/cst336/Final_project/index.php on line 90
[04-Dec-2018 08:43:24 UTC] PHP Stack trace:
[04-Dec-2018 08:43:24 UTC] PHP   1. {main}() /home/ubuntu/workspace/cst336/Final_project/index.php:0
[04-Dec-2018 08:43:26 UTC] PHP Fatal error:  Call to undefined function displayGenre() in /home/ubuntu/workspace/cst336/Final_project/index.php on line 90
[04-Dec-2018 08:43:26 UTC] PHP Stack trace:
[04-Dec-2018 08:43:26 UTC] PHP   1. {main}() /home/ubuntu/workspace/cst336/Final_project/index.php:0
[04-Dec-2018 08:43:53 UTC] PHP Fatal error:  Call to undefined function displayGenre() in /home/ubuntu/workspace/cst336/Final_project/index.php on line 90
[04-Dec-2018 08:43:53 UTC] PHP Stack trace:
[04-Dec-2018 08:43:53 UTC] PHP   1. {main}() /home/ubuntu/workspace/cst336/Final_project/index.php:0
[04-Dec-2018 08:51:38 UTC] PHP Fatal error:  Call to undefined function displayGenre() in /home/ubuntu/workspace/cst336/Final_project/index.php on line 90
[04-Dec-2018 08:51:38 UTC] PHP Stack trace:
[04-Dec-2018 08:51:38 UTC] PHP   1. {main}() /home/ubuntu/workspace/cst336/Final_project/index.php:0
[04-Dec-2018 08:51:40 UTC] PHP Fatal error:  Call to undefined function displayGenre() in /home/ubuntu/workspace/cst336/Final_project/index.php on line 90
[04-Dec-2018 08:51:40 UTC] PHP Stack trace:
[04-Dec-2018 08:51:40 UTC] PHP   1. {main}() /home/ubuntu/workspace/cst336/Final_project/index.php:0
[04-Dec-2018 08:53:22 UTC] PHP Fatal error:  Call to undefined function displayGenre() in /home/ubuntu/workspace/cst336/Final_project/index.php on line 90
[04-Dec-2018 08:53:22 UTC] PHP Stack trace:
[04-Dec-2018 08:53:22 UTC] PHP   1. {main}() /home/ubuntu/workspace/cst336/Final_project/index.php:0
[04-Dec-2018 08:54:11 UTC] PHP Fatal error:  Call to undefined function displayGenre() in /home/ubuntu/workspace/cst336/Final_project/index.php on line 90
[04-Dec-2018 08:54:11 UTC] PHP Stack trace:
[04-Dec-2018 08:54:11 UTC] PHP   1. {main}() /home/ubuntu/workspace/cst336/Final_project/index.php:0
[04-Dec-2018 08:54:13 UTC] PHP Fatal error:  Call to undefined function displayGenre() in /home/ubuntu/workspace/cst336/Final_project/index.php on line 90
[04-Dec-2018 08:54:13 UTC] PHP Stack trace:
[04-Dec-2018 08:54:13 UTC] PHP   1. {main}() /home/ubuntu/workspace/cst336/Final_project/index.php:0
[04-Dec-2018 09:01:40 UTC] PHP Parse error:  syntax error, unexpected '}', expecting ',' or ';' in /home/ubuntu/workspace/cst336/Final_project/loginProcess.php on line 31
[04-Dec-2018 09:03:29 UTC] PHP Fatal error:  Call to undefined function displayGenre() in /home/ubuntu/workspace/cst336/Final_project/index.php on line 90
[04-Dec-2018 09:03:29 UTC] PHP Stack trace:
[04-Dec-2018 09:03:29 UTC] PHP   1. {main}() /home/ubuntu/workspace/cst336/Final_project/index.php:0
[04-Dec-2018 09:09:54 UTC] PHP Warning:  include(../../inc/dbConnection.php): failed to open stream: No such file or directory in /home/ubuntu/workspace/cst336/Final_project/admin.php on line 6
[04-Dec-2018 09:09:54 UTC] PHP Stack trace:
[04-Dec-2018 09:09:54 UTC] PHP   1. {main}() /home/ubuntu/workspace/cst336/Final_project/admin.php:0
[04-Dec-2018 09:09:54 UTC] PHP Warning:  include(): Failed opening '../../inc/dbConnection.php' for inclusion (include_path='.:/usr/share/php:/usr/share/pear') in /home/ubuntu/workspace/cst336/Final_project/admin.php on line 6
[04-Dec-2018 09:09:54 UTC] PHP Stack trace:
[04-Dec-2018 09:09:54 UTC] PHP   1. {main}() /home/ubuntu/workspace/cst336/Final_project/admin.php:0
[04-Dec-2018 09:09:54 UTC] PHP Fatal error:  Call to undefined function startConnection() in /home/ubuntu/workspace/cst336/Final_project/admin.php on line 7
[04-Dec-2018 09:09:54 UTC] PHP Stack trace:
[04-Dec-2018 09:09:54 UTC] PHP   1. {main}() /home/ubuntu/workspace/cst336/Final_project/admin.php:0
[04-Dec-2018 09:11:14 UTC] PHP Warning:  include(../../inc/dbConnection.php): failed to open stream: No such file or directory in /home/ubuntu/workspace/cst336/Final_project/addProduct.php on line 4
[04-Dec-2018 09:11:14 UTC] PHP Stack trace:
[04-Dec-2018 09:11:14 UTC] PHP   1. {main}() /home/ubuntu/workspace/cst336/Final_project/addProduct.php:0
[04-Dec-2018 09:11:14 UTC] PHP Warning:  include(): Failed opening '../../inc/dbConnection.php' for inclusion (include_path='.:/usr/share/php:/usr/share/pear') in /home/ubuntu/workspace/cst336/Final_project/addProduct.php on line 4
[04-Dec-2018 09:11:14 UTC] PHP Stack trace:
[04-Dec-2018 09:11:14 UTC] PHP   1. {main}() /home/ubuntu/workspace/cst336/Final_project/addProduct.php:0
[04-Dec-2018 09:11:14 UTC] PHP Fatal error:  Call to undefined function startConnection() in /home/ubuntu/workspace/cst336/Final_project/addProduct.php on line 5
[04-Dec-2018 09:11:14 UTC] PHP Stack trace:
[04-Dec-2018 09:11:14 UTC] PHP   1. {main}() /home/ubuntu/workspace/cst336/Final_project/addProduct.php:0
[04-Dec-2018 09:12:07 UTC] PHP Fatal error:  Call to undefined function displayGenre() in /home/ubuntu/workspace/cst336/Final_project/index.php on line 90
[04-Dec-2018 09:12:07 UTC] PHP Stack trace:
[04-Dec-2018 09:12:07 UTC] PHP   1. {main}() /home/ubuntu/workspace/cst336/Final_project/index.php:0
[04-Dec-2018 09:12:19 UTC] PHP Fatal error:  Call to undefined function displayGenre() in /home/ubuntu/workspace/cst336/Final_project/index.php on line 90
[04-Dec-2018 09:12:19 UTC] PHP Stack trace:
[04-Dec-2018 09:12:19 UTC] PHP   1. {main}() /home/ubuntu/workspace/cst336/Final_project/index.php:0
[04-Dec-2018 09:32:26 UTC] PHP Fatal error:  Call to undefined function displayGenre() in /home/ubuntu/workspace/cst336/Final_project/index.php on line 88
[04-Dec-2018 09:32:26 UTC] PHP Stack trace:
[04-Dec-2018 09:32:26 UTC] PHP   1. {main}() /home/ubuntu/workspace/cst336/Final_project/index.php:0
[04-Dec-2018 09:32:38 UTC] PHP Fatal error:  Call to undefined function displayGenre() in /home/ubuntu/workspace/cst336/Final_project/index.php on line 88
[04-Dec-2018 09:32:38 UTC] PHP Stack trace:
[04-Dec-2018 09:32:38 UTC] PHP   1. {main}() /home/ubuntu/workspace/cst336/Final_project/index.php:0
[04-Dec-2018 09:32:41 UTC] PHP Fatal error:  Call to undefined function displayGenre() in /home/ubuntu/workspace/cst336/Final_project/index.php on line 88
[04-Dec-2018 09:32:41 UTC] PHP Stack trace:
[04-Dec-2018 09:32:41 UTC] PHP   1. {main}() /home/ubuntu/workspace/cst336/Final_project/index.php:0
[04-Dec-2018 09:33:27 UTC] PHP Fatal error:  Call to undefined function displayGenre() in /home/ubuntu/workspace/cst336/Final_project/index.php on line 88
[04-Dec-2018 09:33:27 UTC] PHP Stack trace:
[04-Dec-2018 09:33:27 UTC] PHP   1. {main}() /home/ubuntu/workspace/cst336/Final_project/index.php:0
[04-Dec-2018 09:38:00 UTC] PHP Fatal error:  Call to undefined function displayGenre() in /home/ubuntu/workspace/cst336/Final_project/index.php on line 88
[04-Dec-2018 09:38:00 UTC] PHP Stack trace:
[04-Dec-2018 09:38:00 UTC] PHP   1. {main}() /home/ubuntu/workspace/cst336/Final_project/index.php:0
[04-Dec-2018 22:10:48 UTC] PHP Fatal error:  Call to undefined function displayGenre() in /home/ubuntu/workspace/cst336/Final_project/index.php on line 88
[04-Dec-2018 22:10:48 UTC] PHP Stack trace:
[04-Dec-2018 22:10:48 UTC] PHP   1. {main}() /home/ubuntu/workspace/cst336/Final_project/index.php:0
[04-Dec-2018 23:24:03 UTC] PHP Fatal error:  Call to undefined function displayGenre() in /home/ubuntu/workspace/cst336/Final_project/index.php on line 88
[04-Dec-2018 23:24:03 UTC] PHP Stack trace:
[04-Dec-2018 23:24:03 UTC] PHP   1. {main}() /home/ubuntu/workspace/cst336/Final_project/index.php:0
[04-Dec-2018 23:25:50 UTC] PHP Fatal error:  Call to undefined function displayGenre() in /home/ubuntu/workspace/cst336/Final_project/index.php on line 88
[04-Dec-2018 23:25:50 UTC] PHP Stack trace:
[04-Dec-2018 23:25:50 UTC] PHP   1. {main}() /home/ubuntu/workspace/cst336/Final_project/index.php:0
[04-Dec-2018 23:26:20 UTC] PHP Fatal error:  Call to undefined function displayGenre() in /home/ubuntu/workspace/cst336/Final_project/index.php on line 88
[04-Dec-2018 23:26:20 UTC] PHP Stack trace:
[04-Dec-2018 23:26:20 UTC] PHP   1. {main}() /home/ubuntu/workspace/cst336/Final_project/index.php:0
[04-Dec-2018 23:26:23 UTC] PHP Fatal error:  Call to undefined function displayGenre() in /home/ubuntu/workspace/cst336/Final_project/index.php on line 88
[04-Dec-2018 23:26:23 UTC] PHP Stack trace:
[04-Dec-2018 23:26:23 UTC] PHP   1. {main}() /home/ubuntu/workspace/cst336/Final_project/index.php:0
[04-Dec-2018 23:27:32 UTC] PHP Parse error:  syntax error, unexpected '?>' in /home/ubuntu/workspace/cst336/Final_project/index.php on line 89
[12-Dec-2018 07:19:29 UTC] PHP Warning:  Invalid argument supplied for foreach() in /home/ubuntu/workspace/cst336/Final_project/updateProduct.php on line 103
[12-Dec-2018 07:19:29 UTC] PHP Stack trace:
[12-Dec-2018 07:19:29 UTC] PHP   1. {main}() /home/ubuntu/workspace/cst336/Final_project/updateProduct.php:0
[12-Dec-2018 07:19:38 UTC] PHP Warning:  Invalid argument supplied for foreach() in /home/ubuntu/workspace/cst336/Final_project/updateProduct.php on line 103
[12-Dec-2018 07:19:38 UTC] PHP Stack trace:
[12-Dec-2018 07:19:38 UTC] PHP   1. {main}() /home/ubuntu/workspace/cst336/Final_project/updateProduct.php:0
[12-Dec-2018 07:20:33 UTC] PHP Warning:  Invalid argument supplied for foreach() in /home/ubuntu/workspace/cst336/Final_project/updateProduct.php on line 103
[12-Dec-2018 07:20:33 UTC] PHP Stack trace:
[12-Dec-2018 07:20:33 UTC] PHP   1. {main}() /home/ubuntu/workspace/cst336/Final_project/updateProduct.php:0
[12-Dec-2018 07:20:43 UTC] PHP Warning:  Invalid argument supplied for foreach() in /home/ubuntu/workspace/cst336/Final_project/updateProduct.php on line 103
[12-Dec-2018 07:20:43 UTC] PHP Stack trace:
[12-Dec-2018 07:20:43 UTC] PHP   1. {main}() /home/ubuntu/workspace/cst336/Final_project/updateProduct.php:0
[12-Dec-2018 09:01:17 UTC] PHP Warning:  Invalid argument supplied for foreach() in /home/ubuntu/workspace/cst336/Final_project/updateProduct.php on line 103
[12-Dec-2018 09:01:17 UTC] PHP Stack trace:
[12-Dec-2018 09:01:17 UTC] PHP   1. {main}() /home/ubuntu/workspace/cst336/Final_project/updateProduct.php:0
[12-Dec-2018 09:08:53 UTC] PHP Warning:  Invalid argument supplied for foreach() in /home/ubuntu/workspace/cst336/Final_project/updateProduct.php on line 103
[12-Dec-2018 09:08:53 UTC] PHP Stack trace:
[12-Dec-2018 09:08:53 UTC] PHP   1. {main}() /home/ubuntu/workspace/cst336/Final_project/updateProduct.php:0
[12-Dec-2018 09:12:04 UTC] PHP Warning:  Invalid argument supplied for foreach() in /home/ubuntu/workspace/cst336/Final_project/updateProduct.php on line 103
[12-Dec-2018 09:12:04 UTC] PHP Stack trace:
[12-Dec-2018 09:12:04 UTC] PHP   1. {main}() /home/ubuntu/workspace/cst336/Final_project/updateProduct.php:0
[12-Dec-2018 09:12:10 UTC] PHP Warning:  Invalid argument supplied for foreach() in /home/ubuntu/workspace/cst336/Final_project/updateProduct.php on line 103
[12-Dec-2018 09:12:10 UTC] PHP Stack trace:
[12-Dec-2018 09:12:10 UTC] PHP   1. {main}() /home/ubuntu/workspace/cst336/Final_project/updateProduct.php:0
[12-Dec-2018 09:14:25 UTC] PHP Warning:  Invalid argument supplied for foreach() in /home/ubuntu/workspace/cst336/Final_project/updateProduct.php on line 103
[12-Dec-2018 09:14:25 UTC] PHP Stack trace:
[12-Dec-2018 09:14:25 UTC] PHP   1. {main}() /home/ubuntu/workspace/cst336/Final_project/updateProduct.php:0
[12-Dec-2018 09:15:03 UTC] PHP Warning:  Invalid argument supplied for foreach() in /home/ubuntu/workspace/cst336/Final_project/updateProduct.php on line 103
[12-Dec-2018 09:15:03 UTC] PHP Stack trace:
[12-Dec-2018 09:15:03 UTC] PHP   1. {main}() /home/ubuntu/workspace/cst336/Final_project/updateProduct.php:0
[12-Dec-2018 10:19:59 UTC] PHP Warning:  Invalid argument supplied for foreach() in /home/ubuntu/workspace/cst336/Final_project/updateProduct.php on line 103
[12-Dec-2018 10:19:59 UTC] PHP Stack trace:
[12-Dec-2018 10:19:59 UTC] PHP   1. {main}() /home/ubuntu/workspace/cst336/Final_project/updateProduct.php:0
[12-Dec-2018 10:38:25 UTC] PHP Fatal error:  Uncaught exception 'PDOException' with message 'SQLSTATE[42S02]: Base table or view not found: 1146 Table 'Ottermart.fp_admin' doesn't exist' in /home/ubuntu/workspace/cst336/Final_project/loginProcess.php:23
Stack trace:
#0 /home/ubuntu/workspace/cst336/Final_project/loginProcess.php(23): PDOStatement->execute(Array)
#1 {main}
  thrown in /home/ubuntu/workspace/cst336/Final_project/loginProcess.php on line 23
[12-Dec-2018 11:07:56 UTC] PHP Warning:  Invalid argument supplied for foreach() in /home/ubuntu/workspace/cst336/Final_project/updateProduct.php on line 103
[12-Dec-2018 11:07:56 UTC] PHP Stack trace:
[12-Dec-2018 11:07:56 UTC] PHP   1. {main}() /home/ubuntu/workspace/cst336/Final_project/updateProduct.php:0
[12-Dec-2018 11:08:23 UTC] PHP Warning:  Invalid argument supplied for foreach() in /home/ubuntu/workspace/cst336/Final_project/updateProduct.php on line 103
[12-Dec-2018 11:08:23 UTC] PHP Stack trace:
[12-Dec-2018 11:08:23 UTC] PHP   1. {main}() /home/ubuntu/workspace/cst336/Final_project/updateProduct.php:0
[12-Dec-2018 11:19:20 UTC] PHP Warning:  Invalid argument supplied for foreach() in /home/ubuntu/workspace/cst336/Final_project/updateProduct.php on line 103
[12-Dec-2018 11:19:20 UTC] PHP Stack trace:
[12-Dec-2018 11:19:20 UTC] PHP   1. {main}() /home/ubuntu/workspace/cst336/Final_project/updateProduct.php:0
[12-Dec-2018 22:28:28 UTC] PHP Warning:  Invalid argument supplied for foreach() in /home/ubuntu/workspace/cst336/Final_project/updateProduct.php on line 103
[12-Dec-2018 22:28:28 UTC] PHP Stack trace:
[12-Dec-2018 22:28:28 UTC] PHP   1. {main}() /home/ubuntu/workspace/cst336/Final_project/updateProduct.php:0
[12-Dec-2018 22:28:37 UTC] PHP Warning:  Invalid argument supplied for foreach() in /home/ubuntu/workspace/cst336/Final_project/updateProduct.php on line 103
[12-Dec-2018 22:28:37 UTC] PHP Stack trace:
[12-Dec-2018 22:28:37 UTC] PHP   1. {main}() /home/ubuntu/workspace/cst336/Final_project/updateProduct.php:0
[12-Dec-2018 22:28:59 UTC] PHP Warning:  Invalid argument supplied for foreach() in /home/ubuntu/workspace/cst336/Final_project/updateProduct.php on line 103
[12-Dec-2018 22:28:59 UTC] PHP Stack trace:
[12-Dec-2018 22:28:59 UTC] PHP   1. {main}() /home/ubuntu/workspace/cst336/Final_project/updateProduct.php:0
[12-Dec-2018 22:29:17 UTC] PHP Warning:  Invalid argument supplied for foreach() in /home/ubuntu/workspace/cst336/Final_project/updateProduct.php on line 103
[12-Dec-2018 22:29:17 UTC] PHP Stack trace:
[12-Dec-2018 22:29:17 UTC] PHP   1. {main}() /home/ubuntu/workspace/cst336/Final_project/updateProduct.php:0
[12-Dec-2018 22:31:31 UTC] PHP Warning:  Invalid argument supplied for foreach() in /home/ubuntu/workspace/cst336/Final_project/updateProduct.php on line 103
[12-Dec-2018 22:31:31 UTC] PHP Stack trace:
[12-Dec-2018 22:31:31 UTC] PHP   1. {main}() /home/ubuntu/workspace/cst336/Final_project/updateProduct.php:0
[12-Dec-2018 22:33:35 UTC] PHP Warning:  Invalid argument supplied for foreach() in /home/ubuntu/workspace/cst336/Final_project/updateProduct.php on line 103
[12-Dec-2018 22:33:35 UTC] PHP Stack trace:
[12-Dec-2018 22:33:35 UTC] PHP   1. {main}() /home/ubuntu/workspace/cst336/Final_project/updateProduct.php:0
[12-Dec-2018 22:33:42 UTC] PHP Fatal error:  Uncaught exception 'PDOException' with message 'SQLSTATE[HY093]: Invalid parameter number: number of bound variables does not match number of tokens' in /home/ubuntu/workspace/cst336/Final_project/updateProduct.php:52
Stack trace:
#0 /home/ubuntu/workspace/cst336/Final_project/updateProduct.php(52): PDOStatement->execute(Array)
#1 {main}
  thrown in /home/ubuntu/workspace/cst336/Final_project/updateProduct.php on line 52
[12-Dec-2018 22:34:09 UTC] PHP Warning:  Invalid argument supplied for foreach() in /home/ubuntu/workspace/cst336/Final_project/updateProduct.php on line 103
[12-Dec-2018 22:34:09 UTC] PHP Stack trace:
[12-Dec-2018 22:34:09 UTC] PHP   1. {main}() /home/ubuntu/workspace/cst336/Final_project/updateProduct.php:0
