[19-Oct-2018 23:50:02 UTC] PHP Warning:  include(function.php): failed to open stream: No such file or directory in /home/ubuntu/workspace/cst336/labs/lab5/scart/index.php on line 2
[19-Oct-2018 23:50:02 UTC] PHP Stack trace:
[19-Oct-2018 23:50:02 UTC] PHP   1. {main}() /home/ubuntu/workspace/cst336/labs/lab5/scart/index.php:0
[19-Oct-2018 23:50:02 UTC] PHP Warning:  include(): Failed opening 'function.php' for inclusion (include_path='.:/usr/share/php:/usr/share/pear') in /home/ubuntu/workspace/cst336/labs/lab5/scart/index.php on line 2
[19-Oct-2018 23:50:02 UTC] PHP Stack trace:
[19-Oct-2018 23:50:02 UTC] PHP   1. {main}() /home/ubuntu/workspace/cst336/labs/lab5/scart/index.php:0
[19-Oct-2018 23:50:23 UTC] PHP Warning:  include(function.php): failed to open stream: No such file or directory in /home/ubuntu/workspace/cst336/labs/lab5/scart/index.php on line 2
[19-Oct-2018 23:50:23 UTC] PHP Stack trace:
[19-Oct-2018 23:50:23 UTC] PHP   1. {main}() /home/ubuntu/workspace/cst336/labs/lab5/scart/index.php:0
[19-Oct-2018 23:50:23 UTC] PHP Warning:  include(): Failed opening 'function.php' for inclusion (include_path='.:/usr/share/php:/usr/share/pear') in /home/ubuntu/workspace/cst336/labs/lab5/scart/index.php on line 2
[19-Oct-2018 23:50:23 UTC] PHP Stack trace:
[19-Oct-2018 23:50:23 UTC] PHP   1. {main}() /home/ubuntu/workspace/cst336/labs/lab5/scart/index.php:0
[19-Oct-2018 23:50:30 UTC] PHP Warning:  include(function.php): failed to open stream: No such file or directory in /home/ubuntu/workspace/cst336/labs/lab5/scart/index.php on line 2
[19-Oct-2018 23:50:30 UTC] PHP Stack trace:
[19-Oct-2018 23:50:30 UTC] PHP   1. {main}() /home/ubuntu/workspace/cst336/labs/lab5/scart/index.php:0
[19-Oct-2018 23:50:30 UTC] PHP Warning:  include(): Failed opening 'function.php' for inclusion (include_path='.:/usr/share/php:/usr/share/pear') in /home/ubuntu/workspace/cst336/labs/lab5/scart/index.php on line 2
[19-Oct-2018 23:50:30 UTC] PHP Stack trace:
[19-Oct-2018 23:50:30 UTC] PHP   1. {main}() /home/ubuntu/workspace/cst336/labs/lab5/scart/index.php:0
[20-Oct-2018 00:04:21 UTC] PHP Warning:  include(functions.php): failed to open stream: No such file or directory in /home/ubuntu/workspace/cst336/labs/lab5/scart/index.php on line 2
[20-Oct-2018 00:04:21 UTC] PHP Stack trace:
[20-Oct-2018 00:04:21 UTC] PHP   1. {main}() /home/ubuntu/workspace/cst336/labs/lab5/scart/index.php:0
[20-Oct-2018 00:04:21 UTC] PHP Warning:  include(): Failed opening 'functions.php' for inclusion (include_path='.:/usr/share/php:/usr/share/pear') in /home/ubuntu/workspace/cst336/labs/lab5/scart/index.php on line 2
[20-Oct-2018 00:04:21 UTC] PHP Stack trace:
[20-Oct-2018 00:04:21 UTC] PHP   1. {main}() /home/ubuntu/workspace/cst336/labs/lab5/scart/index.php:0
[20-Oct-2018 00:04:21 UTC] PHP Fatal error:  Call to undefined function displayResults() in /home/ubuntu/workspace/cst336/labs/lab5/scart/index.php on line 52
[20-Oct-2018 00:04:21 UTC] PHP Stack trace:
[20-Oct-2018 00:04:21 UTC] PHP   1. {main}() /home/ubuntu/workspace/cst336/labs/lab5/scart/index.php:0
[20-Oct-2018 00:04:42 UTC] PHP Warning:  include(functions.php): failed to open stream: No such file or directory in /home/ubuntu/workspace/cst336/labs/lab5/scart/index.php on line 2
[20-Oct-2018 00:04:42 UTC] PHP Stack trace:
[20-Oct-2018 00:04:42 UTC] PHP   1. {main}() /home/ubuntu/workspace/cst336/labs/lab5/scart/index.php:0
[20-Oct-2018 00:04:42 UTC] PHP Warning:  include(): Failed opening 'functions.php' for inclusion (include_path='.:/usr/share/php:/usr/share/pear') in /home/ubuntu/workspace/cst336/labs/lab5/scart/index.php on line 2
[20-Oct-2018 00:04:42 UTC] PHP Stack trace:
[20-Oct-2018 00:04:42 UTC] PHP   1. {main}() /home/ubuntu/workspace/cst336/labs/lab5/scart/index.php:0
[20-Oct-2018 00:04:42 UTC] PHP Fatal error:  Call to undefined function displayResults() in /home/ubuntu/workspace/cst336/labs/lab5/scart/index.php on line 52
[20-Oct-2018 00:04:42 UTC] PHP Stack trace:
[20-Oct-2018 00:04:42 UTC] PHP   1. {main}() /home/ubuntu/workspace/cst336/labs/lab5/scart/index.php:0
[20-Oct-2018 00:06:15 UTC] PHP Warning:  include(functions.php): failed to open stream: No such file or directory in /home/ubuntu/workspace/cst336/labs/lab5/scart/index.php on line 2
[20-Oct-2018 00:06:15 UTC] PHP Stack trace:
[20-Oct-2018 00:06:15 UTC] PHP   1. {main}() /home/ubuntu/workspace/cst336/labs/lab5/scart/index.php:0
[20-Oct-2018 00:06:15 UTC] PHP Warning:  include(): Failed opening 'functions.php' for inclusion (include_path='.:/usr/share/php:/usr/share/pear') in /home/ubuntu/workspace/cst336/labs/lab5/scart/index.php on line 2
[20-Oct-2018 00:06:15 UTC] PHP Stack trace:
[20-Oct-2018 00:06:15 UTC] PHP   1. {main}() /home/ubuntu/workspace/cst336/labs/lab5/scart/index.php:0
[20-Oct-2018 00:06:15 UTC] PHP Fatal error:  Call to undefined function displayResults() in /home/ubuntu/workspace/cst336/labs/lab5/scart/index.php on line 52
[20-Oct-2018 00:06:15 UTC] PHP Stack trace:
[20-Oct-2018 00:06:15 UTC] PHP   1. {main}() /home/ubuntu/workspace/cst336/labs/lab5/scart/index.php:0
[20-Oct-2018 00:10:02 UTC] PHP Warning:  include(functions.php): failed to open stream: No such file or directory in /home/ubuntu/workspace/cst336/labs/lab5/scart/index.php on line 2
[20-Oct-2018 00:10:02 UTC] PHP Stack trace:
[20-Oct-2018 00:10:02 UTC] PHP   1. {main}() /home/ubuntu/workspace/cst336/labs/lab5/scart/index.php:0
[20-Oct-2018 00:10:02 UTC] PHP Warning:  include(): Failed opening 'functions.php' for inclusion (include_path='.:/usr/share/php:/usr/share/pear') in /home/ubuntu/workspace/cst336/labs/lab5/scart/index.php on line 2
[20-Oct-2018 00:10:02 UTC] PHP Stack trace:
[20-Oct-2018 00:10:02 UTC] PHP   1. {main}() /home/ubuntu/workspace/cst336/labs/lab5/scart/index.php:0
[20-Oct-2018 00:10:02 UTC] PHP Fatal error:  Call to undefined function displayResults() in /home/ubuntu/workspace/cst336/labs/lab5/scart/index.php on line 52
[20-Oct-2018 00:10:02 UTC] PHP Stack trace:
[20-Oct-2018 00:10:02 UTC] PHP   1. {main}() /home/ubuntu/workspace/cst336/labs/lab5/scart/index.php:0
[20-Oct-2018 18:30:06 UTC] PHP Warning:  include(functions.php): failed to open stream: No such file or directory in /home/ubuntu/workspace/cst336/labs/lab5/scart/index.php on line 3
[20-Oct-2018 18:30:06 UTC] PHP Stack trace:
[20-Oct-2018 18:30:06 UTC] PHP   1. {main}() /home/ubuntu/workspace/cst336/labs/lab5/scart/index.php:0
[20-Oct-2018 18:30:06 UTC] PHP Warning:  include(): Failed opening 'functions.php' for inclusion (include_path='.:/usr/share/php:/usr/share/pear') in /home/ubuntu/workspace/cst336/labs/lab5/scart/index.php on line 3
[20-Oct-2018 18:30:06 UTC] PHP Stack trace:
[20-Oct-2018 18:30:06 UTC] PHP   1. {main}() /home/ubuntu/workspace/cst336/labs/lab5/scart/index.php:0
[20-Oct-2018 18:30:06 UTC] PHP Fatal error:  Call to undefined function displayCartCount() in /home/ubuntu/workspace/cst336/labs/lab5/scart/index.php on line 71
[20-Oct-2018 18:30:06 UTC] PHP Stack trace:
[20-Oct-2018 18:30:06 UTC] PHP   1. {main}() /home/ubuntu/workspace/cst336/labs/lab5/scart/index.php:0
[20-Oct-2018 18:32:28 UTC] PHP Warning:  include(functions.php): failed to open stream: No such file or directory in /home/ubuntu/workspace/cst336/labs/lab5/scart/index.php on line 3
[20-Oct-2018 18:32:28 UTC] PHP Stack trace:
[20-Oct-2018 18:32:28 UTC] PHP   1. {main}() /home/ubuntu/workspace/cst336/labs/lab5/scart/index.php:0
[20-Oct-2018 18:32:28 UTC] PHP Warning:  include(): Failed opening 'functions.php' for inclusion (include_path='.:/usr/share/php:/usr/share/pear') in /home/ubuntu/workspace/cst336/labs/lab5/scart/index.php on line 3
[20-Oct-2018 18:32:28 UTC] PHP Stack trace:
[20-Oct-2018 18:32:28 UTC] PHP   1. {main}() /home/ubuntu/workspace/cst336/labs/lab5/scart/index.php:0
[20-Oct-2018 18:32:28 UTC] PHP Fatal error:  Call to undefined function displayCartCount() in /home/ubuntu/workspace/cst336/labs/lab5/scart/index.php on line 71
[20-Oct-2018 18:32:28 UTC] PHP Stack trace:
[20-Oct-2018 18:32:28 UTC] PHP   1. {main}() /home/ubuntu/workspace/cst336/labs/lab5/scart/index.php:0
[20-Oct-2018 21:16:35 UTC] PHP Warning:  include(functions.php): failed to open stream: No such file or directory in /home/ubuntu/workspace/cst336/labs/lab5/scart/scart.php on line 3
[20-Oct-2018 21:16:35 UTC] PHP Stack trace:
[20-Oct-2018 21:16:35 UTC] PHP   1. {main}() /home/ubuntu/workspace/cst336/labs/lab5/scart/scart.php:0
[20-Oct-2018 21:16:35 UTC] PHP Warning:  include(): Failed opening 'functions.php' for inclusion (include_path='.:/usr/share/php:/usr/share/pear') in /home/ubuntu/workspace/cst336/labs/lab5/scart/scart.php on line 3
[20-Oct-2018 21:16:35 UTC] PHP Stack trace:
[20-Oct-2018 21:16:35 UTC] PHP   1. {main}() /home/ubuntu/workspace/cst336/labs/lab5/scart/scart.php:0
[20-Oct-2018 21:16:41 UTC] PHP Warning:  include(functions.php): failed to open stream: No such file or directory in /home/ubuntu/workspace/cst336/labs/lab5/scart/scart.php on line 3
[20-Oct-2018 21:16:41 UTC] PHP Stack trace:
[20-Oct-2018 21:16:41 UTC] PHP   1. {main}() /home/ubuntu/workspace/cst336/labs/lab5/scart/scart.php:0
[20-Oct-2018 21:16:41 UTC] PHP Warning:  include(): Failed opening 'functions.php' for inclusion (include_path='.:/usr/share/php:/usr/share/pear') in /home/ubuntu/workspace/cst336/labs/lab5/scart/scart.php on line 3
[20-Oct-2018 21:16:41 UTC] PHP Stack trace:
[20-Oct-2018 21:16:41 UTC] PHP   1. {main}() /home/ubuntu/workspace/cst336/labs/lab5/scart/scart.php:0
[20-Oct-2018 21:16:43 UTC] PHP Warning:  include(functions.php): failed to open stream: No such file or directory in /home/ubuntu/workspace/cst336/labs/lab5/scart/scart.php on line 3
[20-Oct-2018 21:16:43 UTC] PHP Stack trace:
[20-Oct-2018 21:16:43 UTC] PHP   1. {main}() /home/ubuntu/workspace/cst336/labs/lab5/scart/scart.php:0
[20-Oct-2018 21:16:43 UTC] PHP Warning:  include(): Failed opening 'functions.php' for inclusion (include_path='.:/usr/share/php:/usr/share/pear') in /home/ubuntu/workspace/cst336/labs/lab5/scart/scart.php on line 3
[20-Oct-2018 21:16:43 UTC] PHP Stack trace:
[20-Oct-2018 21:16:43 UTC] PHP   1. {main}() /home/ubuntu/workspace/cst336/labs/lab5/scart/scart.php:0
[20-Oct-2018 21:16:53 UTC] PHP Warning:  include(functions.php): failed to open stream: No such file or directory in /home/ubuntu/workspace/cst336/labs/lab5/scart/index.php on line 3
[20-Oct-2018 21:16:53 UTC] PHP Stack trace:
[20-Oct-2018 21:16:53 UTC] PHP   1. {main}() /home/ubuntu/workspace/cst336/labs/lab5/scart/index.php:0
[20-Oct-2018 21:16:53 UTC] PHP Warning:  include(): Failed opening 'functions.php' for inclusion (include_path='.:/usr/share/php:/usr/share/pear') in /home/ubuntu/workspace/cst336/labs/lab5/scart/index.php on line 3
[20-Oct-2018 21:16:53 UTC] PHP Stack trace:
[20-Oct-2018 21:16:53 UTC] PHP   1. {main}() /home/ubuntu/workspace/cst336/labs/lab5/scart/index.php:0
[20-Oct-2018 21:16:53 UTC] PHP Fatal error:  Call to undefined function displayCartCount() in /home/ubuntu/workspace/cst336/labs/lab5/scart/index.php on line 71
[20-Oct-2018 21:16:53 UTC] PHP Stack trace:
[20-Oct-2018 21:16:53 UTC] PHP   1. {main}() /home/ubuntu/workspace/cst336/labs/lab5/scart/index.php:0
[20-Oct-2018 21:18:57 UTC] PHP Warning:  include(functions.php): failed to open stream: No such file or directory in /home/ubuntu/workspace/cst336/labs/lab5/scart/index.php on line 2
[20-Oct-2018 21:18:57 UTC] PHP Stack trace:
[20-Oct-2018 21:18:57 UTC] PHP   1. {main}() /home/ubuntu/workspace/cst336/labs/lab5/scart/index.php:0
[20-Oct-2018 21:18:57 UTC] PHP Warning:  include(): Failed opening 'functions.php' for inclusion (include_path='.:/usr/share/php:/usr/share/pear') in /home/ubuntu/workspace/cst336/labs/lab5/scart/index.php on line 2
[20-Oct-2018 21:18:57 UTC] PHP Stack trace:
[20-Oct-2018 21:18:57 UTC] PHP   1. {main}() /home/ubuntu/workspace/cst336/labs/lab5/scart/index.php:0
[20-Oct-2018 21:18:57 UTC] PHP Fatal error:  Call to undefined function displayCartCount() in /home/ubuntu/workspace/cst336/labs/lab5/scart/index.php on line 71
[20-Oct-2018 21:18:57 UTC] PHP Stack trace:
[20-Oct-2018 21:18:57 UTC] PHP   1. {main}() /home/ubuntu/workspace/cst336/labs/lab5/scart/index.php:0
[20-Oct-2018 22:02:16 UTC] PHP Warning:  include(functions.php): failed to open stream: No such file or directory in /home/ubuntu/workspace/cst336/labs/lab5/scart/index.php on line 2
[20-Oct-2018 22:02:16 UTC] PHP Stack trace:
[20-Oct-2018 22:02:16 UTC] PHP   1. {main}() /home/ubuntu/workspace/cst336/labs/lab5/scart/index.php:0
[20-Oct-2018 22:02:16 UTC] PHP Warning:  include(): Failed opening 'functions.php' for inclusion (include_path='.:/usr/share/php:/usr/share/pear') in /home/ubuntu/workspace/cst336/labs/lab5/scart/index.php on line 2
[20-Oct-2018 22:02:16 UTC] PHP Stack trace:
[20-Oct-2018 22:02:16 UTC] PHP   1. {main}() /home/ubuntu/workspace/cst336/labs/lab5/scart/index.php:0
[20-Oct-2018 22:02:16 UTC] PHP Fatal error:  Call to undefined function displayCartCount() in /home/ubuntu/workspace/cst336/labs/lab5/scart/index.php on line 70
[20-Oct-2018 22:02:16 UTC] PHP Stack trace:
[20-Oct-2018 22:02:16 UTC] PHP   1. {main}() /home/ubuntu/workspace/cst336/labs/lab5/scart/index.php:0
[20-Oct-2018 22:02:29 UTC] PHP Warning:  include(functions.php): failed to open stream: No such file or directory in /home/ubuntu/workspace/cst336/labs/lab5/scart/scart.php on line 2
[20-Oct-2018 22:02:29 UTC] PHP Stack trace:
[20-Oct-2018 22:02:29 UTC] PHP   1. {main}() /home/ubuntu/workspace/cst336/labs/lab5/scart/scart.php:0
[20-Oct-2018 22:02:29 UTC] PHP Warning:  include(): Failed opening 'functions.php' for inclusion (include_path='.:/usr/share/php:/usr/share/pear') in /home/ubuntu/workspace/cst336/labs/lab5/scart/scart.php on line 2
[20-Oct-2018 22:02:29 UTC] PHP Stack trace:
[20-Oct-2018 22:02:29 UTC] PHP   1. {main}() /home/ubuntu/workspace/cst336/labs/lab5/scart/scart.php:0
[20-Oct-2018 22:02:29 UTC] PHP Fatal error:  Call to undefined function displayCartCount() in /home/ubuntu/workspace/cst336/labs/lab5/scart/scart.php on line 48
[20-Oct-2018 22:02:29 UTC] PHP Stack trace:
[20-Oct-2018 22:02:29 UTC] PHP   1. {main}() /home/ubuntu/workspace/cst336/labs/lab5/scart/scart.php:0
[20-Oct-2018 22:02:31 UTC] PHP Warning:  include(functions.php): failed to open stream: No such file or directory in /home/ubuntu/workspace/cst336/labs/lab5/scart/scart.php on line 2
[20-Oct-2018 22:02:31 UTC] PHP Stack trace:
[20-Oct-2018 22:02:31 UTC] PHP   1. {main}() /home/ubuntu/workspace/cst336/labs/lab5/scart/scart.php:0
[20-Oct-2018 22:02:31 UTC] PHP Warning:  include(): Failed opening 'functions.php' for inclusion (include_path='.:/usr/share/php:/usr/share/pear') in /home/ubuntu/workspace/cst336/labs/lab5/scart/scart.php on line 2
[20-Oct-2018 22:02:31 UTC] PHP Stack trace:
[20-Oct-2018 22:02:31 UTC] PHP   1. {main}() /home/ubuntu/workspace/cst336/labs/lab5/scart/scart.php:0
[20-Oct-2018 22:02:31 UTC] PHP Fatal error:  Call to undefined function displayCartCount() in /home/ubuntu/workspace/cst336/labs/lab5/scart/scart.php on line 48
[20-Oct-2018 22:02:31 UTC] PHP Stack trace:
[20-Oct-2018 22:02:31 UTC] PHP   1. {main}() /home/ubuntu/workspace/cst336/labs/lab5/scart/scart.php:0
[20-Oct-2018 22:02:53 UTC] PHP Warning:  include(functions.php): failed to open stream: No such file or directory in /home/ubuntu/workspace/cst336/labs/lab5/scart/index.php on line 2
[20-Oct-2018 22:02:53 UTC] PHP Stack trace:
[20-Oct-2018 22:02:53 UTC] PHP   1. {main}() /home/ubuntu/workspace/cst336/labs/lab5/scart/index.php:0
[20-Oct-2018 22:02:53 UTC] PHP Warning:  include(): Failed opening 'functions.php' for inclusion (include_path='.:/usr/share/php:/usr/share/pear') in /home/ubuntu/workspace/cst336/labs/lab5/scart/index.php on line 2
[20-Oct-2018 22:02:53 UTC] PHP Stack trace:
[20-Oct-2018 22:02:53 UTC] PHP   1. {main}() /home/ubuntu/workspace/cst336/labs/lab5/scart/index.php:0
[20-Oct-2018 22:02:53 UTC] PHP Fatal error:  Call to undefined function displayCartCount() in /home/ubuntu/workspace/cst336/labs/lab5/scart/index.php on line 70
[20-Oct-2018 22:02:53 UTC] PHP Stack trace:
[20-Oct-2018 22:02:53 UTC] PHP   1. {main}() /home/ubuntu/workspace/cst336/labs/lab5/scart/index.php:0
[20-Oct-2018 22:04:27 UTC] PHP Warning:  Invalid argument supplied for foreach() in /home/ubuntu/workspace/cst336/labs/lab5/scart/functions.php on line 45
[20-Oct-2018 22:04:27 UTC] PHP Stack trace:
[20-Oct-2018 22:04:27 UTC] PHP   1. {main}() /home/ubuntu/workspace/cst336/labs/lab5/scart/index.php:0
[20-Oct-2018 22:04:27 UTC] PHP   2. displayResults() /home/ubuntu/workspace/cst336/labs/lab5/scart/index.php:87
