[10-Sep-2018 21:42:37 UTC] PHP Parse error:  syntax error, unexpected 'echo' (T_ECHO), expecting ',' or ';' in /home/ubuntu/workspace/cst336/labs/lab2/index.php on line 10
[10-Sep-2018 21:42:39 UTC] PHP Parse error:  syntax error, unexpected 'echo' (T_ECHO), expecting ',' or ';' in /home/ubuntu/workspace/cst336/labs/lab2/index.php on line 10
[10-Sep-2018 22:15:31 UTC] PHP Parse error:  syntax error, unexpected '<' in /home/ubuntu/workspace/cst336/labs/lab2/index.php on line 38
[17-Sep-2018 21:24:50 UTC] PHP Warning:  print_r() expects at least 1 parameter, 0 given in /home/ubuntu/workspace/cst336/labs/lab3/arrays.php on line 10
[17-Sep-2018 21:24:50 UTC] PHP Stack trace:
[17-Sep-2018 21:24:50 UTC] PHP   1. {main}() /home/ubuntu/workspace/cst336/labs/lab3/arrays.php:0
[17-Sep-2018 21:24:50 UTC] PHP   2. print_r() /home/ubuntu/workspace/cst336/labs/lab3/arrays.php:10
[17-Sep-2018 21:24:51 UTC] PHP Warning:  print_r() expects at least 1 parameter, 0 given in /home/ubuntu/workspace/cst336/labs/lab3/arrays.php on line 10
[17-Sep-2018 21:24:51 UTC] PHP Stack trace:
[17-Sep-2018 21:24:51 UTC] PHP   1. {main}() /home/ubuntu/workspace/cst336/labs/lab3/arrays.php:0
[17-Sep-2018 21:24:51 UTC] PHP   2. print_r() /home/ubuntu/workspace/cst336/labs/lab3/arrays.php:10
[17-Sep-2018 21:26:46 UTC] PHP Warning:  print_r() expects at least 1 parameter, 0 given in /home/ubuntu/workspace/cst336/labs/lab3/arrays.php on line 10
[17-Sep-2018 21:26:46 UTC] PHP Stack trace:
[17-Sep-2018 21:26:46 UTC] PHP   1. {main}() /home/ubuntu/workspace/cst336/labs/lab3/arrays.php:0
[17-Sep-2018 21:26:46 UTC] PHP   2. print_r() /home/ubuntu/workspace/cst336/labs/lab3/arrays.php:10
[17-Sep-2018 21:28:00 UTC] PHP Warning:  print_r() expects at least 1 parameter, 0 given in /home/ubuntu/workspace/cst336/labs/lab3/arrays.php on line 10
[17-Sep-2018 21:28:00 UTC] PHP Stack trace:
[17-Sep-2018 21:28:00 UTC] PHP   1. {main}() /home/ubuntu/workspace/cst336/labs/lab3/arrays.php:0
[17-Sep-2018 21:28:00 UTC] PHP   2. print_r() /home/ubuntu/workspace/cst336/labs/lab3/arrays.php:10
[17-Sep-2018 21:28:01 UTC] PHP Warning:  print_r() expects at least 1 parameter, 0 given in /home/ubuntu/workspace/cst336/labs/lab3/arrays.php on line 10
[17-Sep-2018 21:28:01 UTC] PHP Stack trace:
[17-Sep-2018 21:28:01 UTC] PHP   1. {main}() /home/ubuntu/workspace/cst336/labs/lab3/arrays.php:0
[17-Sep-2018 21:28:01 UTC] PHP   2. print_r() /home/ubuntu/workspace/cst336/labs/lab3/arrays.php:10
[17-Sep-2018 21:31:07 UTC] PHP Parse error:  syntax error, unexpected 'i' (T_STRING), expecting ';' in /home/ubuntu/workspace/cst336/labs/lab3/arrays.php on line 8
[17-Sep-2018 21:40:07 UTC] PHP Fatal error:  Maximum execution time of 300 seconds exceeded in /home/ubuntu/workspace/cst336/labs/lab3/arrays.php on line 7
[17-Sep-2018 21:40:07 UTC] PHP Stack trace:
[17-Sep-2018 21:40:07 UTC] PHP   1. {main}() /home/ubuntu/workspace/cst336/labs/lab3/arrays.php:0
[17-Sep-2018 21:40:07 UTC] PHP   2. displayarray() /home/ubuntu/workspace/cst336/labs/lab3/arrays.php:22
[17-Sep-2018 22:09:11 UTC] PHP Parse error:  syntax error, unexpected 'print_r' (T_STRING), expecting ',' or ';' in /home/ubuntu/workspace/cst336/labs/lab3/arrays.php on line 34
[17-Sep-2018 22:09:12 UTC] PHP Parse error:  syntax error, unexpected 'print_r' (T_STRING), expecting ',' or ';' in /home/ubuntu/workspace/cst336/labs/lab3/arrays.php on line 34
[18-Sep-2018 03:45:57 UTC] PHP Fatal error:  Call to undefined function play() in /home/ubuntu/workspace/cst336/labs/lab2/index.php on line 12
[18-Sep-2018 03:45:57 UTC] PHP Stack trace:
[18-Sep-2018 03:45:57 UTC] PHP   1. {main}() /home/ubuntu/workspace/cst336/labs/lab2/index.php:0
[18-Sep-2018 03:47:59 UTC] PHP Fatal error:  Call to undefined function play() in /home/ubuntu/workspace/cst336/labs/lab2/index.php on line 12
[18-Sep-2018 03:47:59 UTC] PHP Stack trace:
[18-Sep-2018 03:47:59 UTC] PHP   1. {main}() /home/ubuntu/workspace/cst336/labs/lab2/index.php:0
[18-Sep-2018 03:48:01 UTC] PHP Fatal error:  Call to undefined function play() in /home/ubuntu/workspace/cst336/labs/lab2/index.php on line 12
[18-Sep-2018 03:48:01 UTC] PHP Stack trace:
[18-Sep-2018 03:48:01 UTC] PHP   1. {main}() /home/ubuntu/workspace/cst336/labs/lab2/index.php:0
[18-Sep-2018 03:48:14 UTC] PHP Fatal error:  Call to undefined function play() in /home/ubuntu/workspace/cst336/labs/lab2/index.php on line 12
[18-Sep-2018 03:48:14 UTC] PHP Stack trace:
[18-Sep-2018 03:48:14 UTC] PHP   1. {main}() /home/ubuntu/workspace/cst336/labs/lab2/index.php:0
[18-Sep-2018 03:48:16 UTC] PHP Fatal error:  Call to undefined function play() in /home/ubuntu/workspace/cst336/labs/lab2/index.php on line 12
[18-Sep-2018 03:48:16 UTC] PHP Stack trace:
[18-Sep-2018 03:48:16 UTC] PHP   1. {main}() /home/ubuntu/workspace/cst336/labs/lab2/index.php:0
[18-Sep-2018 03:48:25 UTC] PHP Fatal error:  Call to undefined function play() in /home/ubuntu/workspace/cst336/labs/lab2/index.php on line 12
[18-Sep-2018 03:48:25 UTC] PHP Stack trace:
[18-Sep-2018 03:48:25 UTC] PHP   1. {main}() /home/ubuntu/workspace/cst336/labs/lab2/index.php:0
[18-Sep-2018 03:53:38 UTC] PHP Warning:  include(inc/functions.php): failed to open stream: No such file or directory in /home/ubuntu/workspace/cst336/labs/lab2/index.php on line 3
[18-Sep-2018 03:53:38 UTC] PHP Stack trace:
[18-Sep-2018 03:53:38 UTC] PHP   1. {main}() /home/ubuntu/workspace/cst336/labs/lab2/index.php:0
[18-Sep-2018 03:53:38 UTC] PHP Warning:  include(): Failed opening 'inc/functions.php' for inclusion (include_path='.:/usr/share/php:/usr/share/pear') in /home/ubuntu/workspace/cst336/labs/lab2/index.php on line 3
[18-Sep-2018 03:53:38 UTC] PHP Stack trace:
[18-Sep-2018 03:53:38 UTC] PHP   1. {main}() /home/ubuntu/workspace/cst336/labs/lab2/index.php:0
[18-Sep-2018 03:53:38 UTC] PHP Fatal error:  Call to undefined function play() in /home/ubuntu/workspace/cst336/labs/lab2/index.php on line 18
[18-Sep-2018 03:53:38 UTC] PHP Stack trace:
[18-Sep-2018 03:53:38 UTC] PHP   1. {main}() /home/ubuntu/workspace/cst336/labs/lab2/index.php:0
[18-Sep-2018 03:56:53 UTC] PHP Warning:  include(inc/functions.php): failed to open stream: No such file or directory in /home/ubuntu/workspace/cst336/labs/lab2/index.php on line 3
[18-Sep-2018 03:56:53 UTC] PHP Stack trace:
[18-Sep-2018 03:56:53 UTC] PHP   1. {main}() /home/ubuntu/workspace/cst336/labs/lab2/index.php:0
[18-Sep-2018 03:56:53 UTC] PHP Warning:  include(): Failed opening 'inc/functions.php' for inclusion (include_path='.:/usr/share/php:/usr/share/pear') in /home/ubuntu/workspace/cst336/labs/lab2/index.php on line 3
[18-Sep-2018 03:56:53 UTC] PHP Stack trace:
[18-Sep-2018 03:56:53 UTC] PHP   1. {main}() /home/ubuntu/workspace/cst336/labs/lab2/index.php:0
[18-Sep-2018 03:56:53 UTC] PHP Fatal error:  Call to undefined function play() in /home/ubuntu/workspace/cst336/labs/lab2/index.php on line 18
[18-Sep-2018 03:56:53 UTC] PHP Stack trace:
[18-Sep-2018 03:56:53 UTC] PHP   1. {main}() /home/ubuntu/workspace/cst336/labs/lab2/index.php:0
[26-Sep-2018 22:16:38 UTC] PHP Parse error:  syntax error, unexpected '$_GET' (T_VARIABLE) in /home/ubuntu/workspace/cst336/labs/lab4/index.php on line 2
[10-Oct-2018 21:59:20 UTC] PHP Fatal error:  Uncaught exception 'PDOException' with message 'SQLSTATE[HY000] [1049] Unknown database 'ottermart'' in /home/ubuntu/workspace/cst336/labs/lab6/index.php:8
Stack trace:
#0 /home/ubuntu/workspace/cst336/labs/lab6/index.php(8): PDO->__construct('mysql:host=loca...', 'root', '')
#1 {main}
  thrown in /home/ubuntu/workspace/cst336/labs/lab6/index.php on line 8
[10-Oct-2018 22:36:48 UTC] PHP Fatal error:  Call to undefined function startConnection() in /home/ubuntu/workspace/cst336/labs/lab6/index.php on line 4
[10-Oct-2018 22:36:48 UTC] PHP Stack trace:
[10-Oct-2018 22:36:48 UTC] PHP   1. {main}() /home/ubuntu/workspace/cst336/labs/lab6/index.php:0
[10-Oct-2018 22:36:53 UTC] PHP Fatal error:  Call to undefined function startConnection() in /home/ubuntu/workspace/cst336/labs/lab6/index.php on line 4
[10-Oct-2018 22:36:53 UTC] PHP Stack trace:
[10-Oct-2018 22:36:53 UTC] PHP   1. {main}() /home/ubuntu/workspace/cst336/labs/lab6/index.php:0
[10-Oct-2018 22:37:52 UTC] PHP Fatal error:  Uncaught exception 'PDOException' with message 'could not find driver' in /home/ubuntu/workspace/cst336/inc/dbConnection.php:10
Stack trace:
#0 /home/ubuntu/workspace/cst336/inc/dbConnection.php(10): PDO->__construct('MYSQL:HOST=LOCA...', 'ROOT', '')
#1 /home/ubuntu/workspace/cst336/labs/lab6/index.php(4): STARTCONNECTION('o')
#2 {main}
  thrown in /home/ubuntu/workspace/cst336/inc/dbConnection.php on line 10
[10-Oct-2018 22:37:55 UTC] PHP Fatal error:  Uncaught exception 'PDOException' with message 'could not find driver' in /home/ubuntu/workspace/cst336/inc/dbConnection.php:10
Stack trace:
#0 /home/ubuntu/workspace/cst336/inc/dbConnection.php(10): PDO->__construct('MYSQL:HOST=LOCA...', 'ROOT', '')
#1 /home/ubuntu/workspace/cst336/labs/lab6/index.php(4): STARTCONNECTION('o')
#2 {main}
  thrown in /home/ubuntu/workspace/cst336/inc/dbConnection.php on line 10
[10-Oct-2018 22:38:27 UTC] PHP Fatal error:  Uncaught exception 'PDOException' with message 'could not find driver' in /home/ubuntu/workspace/cst336/inc/dbConnection.php:10
Stack trace:
#0 /home/ubuntu/workspace/cst336/inc/dbConnection.php(10): PDO->__construct('MYSQL:HOST=LOCA...', 'ROOT', '')
#1 /home/ubuntu/workspace/cst336/labs/lab6/index.php(4): STARTCONNECTION('o')
#2 {main}
  thrown in /home/ubuntu/workspace/cst336/inc/dbConnection.php on line 10
[10-Oct-2018 22:43:34 UTC] PHP Fatal error:  Uncaught exception 'PDOException' with message 'could not find driver' in /home/ubuntu/workspace/cst336/inc/dbConnection.php:10
Stack trace:
#0 /home/ubuntu/workspace/cst336/inc/dbConnection.php(10): PDO->__construct('MYSQL:HOST=LOCA...', 'ROOT', '')
#1 /home/ubuntu/workspace/cst336/labs/lab6/index.php(4): STARTCONNECTION('o')
#2 {main}
  thrown in /home/ubuntu/workspace/cst336/inc/dbConnection.php on line 10
[10-Oct-2018 22:43:35 UTC] PHP Fatal error:  Uncaught exception 'PDOException' with message 'could not find driver' in /home/ubuntu/workspace/cst336/inc/dbConnection.php:10
Stack trace:
#0 /home/ubuntu/workspace/cst336/inc/dbConnection.php(10): PDO->__construct('MYSQL:HOST=LOCA...', 'ROOT', '')
#1 /home/ubuntu/workspace/cst336/labs/lab6/index.php(4): STARTCONNECTION('o')
#2 {main}
  thrown in /home/ubuntu/workspace/cst336/inc/dbConnection.php on line 10
[10-Oct-2018 22:47:24 UTC] PHP Fatal error:  Uncaught exception 'PDOException' with message 'SQLSTATE[HY000] [1049] Unknown database 'o'' in /home/ubuntu/workspace/cst336/inc/dbConnection.php:11
Stack trace:
#0 /home/ubuntu/workspace/cst336/inc/dbConnection.php(11): PDO->__construct('mysql:host=loca...', 'root', '')
#1 /home/ubuntu/workspace/cst336/labs/lab6/index.php(4): startConnection('o')
#2 {main}
  thrown in /home/ubuntu/workspace/cst336/inc/dbConnection.php on line 11
[10-Oct-2018 22:47:25 UTC] PHP Fatal error:  Uncaught exception 'PDOException' with message 'SQLSTATE[HY000] [1049] Unknown database 'o'' in /home/ubuntu/workspace/cst336/inc/dbConnection.php:11
Stack trace:
#0 /home/ubuntu/workspace/cst336/inc/dbConnection.php(11): PDO->__construct('mysql:host=loca...', 'root', '')
#1 /home/ubuntu/workspace/cst336/labs/lab6/index.php(4): startConnection('o')
#2 {main}
  thrown in /home/ubuntu/workspace/cst336/inc/dbConnection.php on line 11
[10-Oct-2018 22:47:25 UTC] PHP Fatal error:  Uncaught exception 'PDOException' with message 'SQLSTATE[HY000] [1049] Unknown database 'o'' in /home/ubuntu/workspace/cst336/inc/dbConnection.php:11
Stack trace:
#0 /home/ubuntu/workspace/cst336/inc/dbConnection.php(11): PDO->__construct('mysql:host=loca...', 'root', '')
#1 /home/ubuntu/workspace/cst336/labs/lab6/index.php(4): startConnection('o')
#2 {main}
  thrown in /home/ubuntu/workspace/cst336/inc/dbConnection.php on line 11
[10-Oct-2018 22:48:14 UTC] PHP Fatal error:  Uncaught exception 'PDOException' with message 'SQLSTATE[HY000] [1049] Unknown database 'ottermart'' in /home/ubuntu/workspace/cst336/inc/dbConnection.php:11
Stack trace:
#0 /home/ubuntu/workspace/cst336/inc/dbConnection.php(11): PDO->__construct('mysql:host=loca...', 'root', '')
#1 /home/ubuntu/workspace/cst336/labs/lab6/index.php(4): startConnection('ottermart')
#2 {main}
  thrown in /home/ubuntu/workspace/cst336/inc/dbConnection.php on line 11
[10-Oct-2018 22:48:16 UTC] PHP Fatal error:  Uncaught exception 'PDOException' with message 'SQLSTATE[HY000] [1049] Unknown database 'ottermart'' in /home/ubuntu/workspace/cst336/inc/dbConnection.php:11
Stack trace:
#0 /home/ubuntu/workspace/cst336/inc/dbConnection.php(11): PDO->__construct('mysql:host=loca...', 'root', '')
#1 /home/ubuntu/workspace/cst336/labs/lab6/index.php(4): startConnection('ottermart')
#2 {main}
  thrown in /home/ubuntu/workspace/cst336/inc/dbConnection.php on line 11
[10-Oct-2018 22:48:16 UTC] PHP Fatal error:  Uncaught exception 'PDOException' with message 'SQLSTATE[HY000] [1049] Unknown database 'ottermart'' in /home/ubuntu/workspace/cst336/inc/dbConnection.php:11
Stack trace:
#0 /home/ubuntu/workspace/cst336/inc/dbConnection.php(11): PDO->__construct('mysql:host=loca...', 'root', '')
#1 /home/ubuntu/workspace/cst336/labs/lab6/index.php(4): startConnection('ottermart')
#2 {main}
  thrown in /home/ubuntu/workspace/cst336/inc/dbConnection.php on line 11
[10-Oct-2018 22:48:19 UTC] PHP Fatal error:  Uncaught exception 'PDOException' with message 'SQLSTATE[HY000] [1049] Unknown database 'ottermart'' in /home/ubuntu/workspace/cst336/inc/dbConnection.php:11
Stack trace:
#0 /home/ubuntu/workspace/cst336/inc/dbConnection.php(11): PDO->__construct('mysql:host=loca...', 'root', '')
#1 /home/ubuntu/workspace/cst336/labs/lab6/index.php(4): startConnection('ottermart')
#2 {main}
  thrown in /home/ubuntu/workspace/cst336/inc/dbConnection.php on line 11
[10-Oct-2018 22:49:47 UTC] PHP Fatal error:  Uncaught exception 'PDOException' with message 'SQLSTATE[HY000] [1049] Unknown database 'ottermart'' in /home/ubuntu/workspace/cst336/inc/dbConnection.php:11
Stack trace:
#0 /home/ubuntu/workspace/cst336/inc/dbConnection.php(11): PDO->__construct('mysql:host=loca...', 'root', '')
#1 /home/ubuntu/workspace/cst336/labs/lab6/index.php(4): startConnection('ottermart')
#2 {main}
  thrown in /home/ubuntu/workspace/cst336/inc/dbConnection.php on line 11
[10-Oct-2018 22:50:49 UTC] PHP Fatal error:  Uncaught exception 'PDOException' with message 'SQLSTATE[HY000] [1049] Unknown database 'ottermart'' in /home/ubuntu/workspace/cst336/inc/dbConnection.php:11
Stack trace:
#0 /home/ubuntu/workspace/cst336/inc/dbConnection.php(11): PDO->__construct('mysql:host=loca...', 'root', '')
#1 /home/ubuntu/workspace/cst336/labs/lab6/index.php(4): startConnection('ottermart')
#2 {main}
  thrown in /home/ubuntu/workspace/cst336/inc/dbConnection.php on line 11
[10-Oct-2018 22:50:50 UTC] PHP Fatal error:  Uncaught exception 'PDOException' with message 'SQLSTATE[HY000] [1049] Unknown database 'ottermart'' in /home/ubuntu/workspace/cst336/inc/dbConnection.php:11
Stack trace:
#0 /home/ubuntu/workspace/cst336/inc/dbConnection.php(11): PDO->__construct('mysql:host=loca...', 'root', '')
#1 /home/ubuntu/workspace/cst336/labs/lab6/index.php(4): startConnection('ottermart')
#2 {main}
  thrown in /home/ubuntu/workspace/cst336/inc/dbConnection.php on line 11
[10-Oct-2018 22:50:51 UTC] PHP Fatal error:  Uncaught exception 'PDOException' with message 'SQLSTATE[HY000] [1049] Unknown database 'ottermart'' in /home/ubuntu/workspace/cst336/inc/dbConnection.php:11
Stack trace:
#0 /home/ubuntu/workspace/cst336/inc/dbConnection.php(11): PDO->__construct('mysql:host=loca...', 'root', '')
#1 /home/ubuntu/workspace/cst336/labs/lab6/index.php(4): startConnection('ottermart')
#2 {main}
  thrown in /home/ubuntu/workspace/cst336/inc/dbConnection.php on line 11
[10-Oct-2018 22:50:52 UTC] PHP Fatal error:  Uncaught exception 'PDOException' with message 'SQLSTATE[HY000] [1049] Unknown database 'ottermart'' in /home/ubuntu/workspace/cst336/inc/dbConnection.php:11
Stack trace:
#0 /home/ubuntu/workspace/cst336/inc/dbConnection.php(11): PDO->__construct('mysql:host=loca...', 'root', '')
#1 /home/ubuntu/workspace/cst336/labs/lab6/index.php(4): startConnection('ottermart')
#2 {main}
  thrown in /home/ubuntu/workspace/cst336/inc/dbConnection.php on line 11
[10-Oct-2018 22:50:52 UTC] PHP Fatal error:  Uncaught exception 'PDOException' with message 'SQLSTATE[HY000] [1049] Unknown database 'ottermart'' in /home/ubuntu/workspace/cst336/inc/dbConnection.php:11
Stack trace:
#0 /home/ubuntu/workspace/cst336/inc/dbConnection.php(11): PDO->__construct('mysql:host=loca...', 'root', '')
#1 /home/ubuntu/workspace/cst336/labs/lab6/index.php(4): startConnection('ottermart')
#2 {main}
  thrown in /home/ubuntu/workspace/cst336/inc/dbConnection.php on line 11
[10-Oct-2018 22:50:53 UTC] PHP Fatal error:  Uncaught exception 'PDOException' with message 'SQLSTATE[HY000] [1049] Unknown database 'ottermart'' in /home/ubuntu/workspace/cst336/inc/dbConnection.php:11
Stack trace:
#0 /home/ubuntu/workspace/cst336/inc/dbConnection.php(11): PDO->__construct('mysql:host=loca...', 'root', '')
#1 /home/ubuntu/workspace/cst336/labs/lab6/index.php(4): startConnection('ottermart')
#2 {main}
  thrown in /home/ubuntu/workspace/cst336/inc/dbConnection.php on line 11
[10-Oct-2018 22:50:53 UTC] PHP Fatal error:  Uncaught exception 'PDOException' with message 'SQLSTATE[HY000] [1049] Unknown database 'ottermart'' in /home/ubuntu/workspace/cst336/inc/dbConnection.php:11
Stack trace:
#0 /home/ubuntu/workspace/cst336/inc/dbConnection.php(11): PDO->__construct('mysql:host=loca...', 'root', '')
#1 /home/ubuntu/workspace/cst336/labs/lab6/index.php(4): startConnection('ottermart')
#2 {main}
  thrown in /home/ubuntu/workspace/cst336/inc/dbConnection.php on line 11
[10-Oct-2018 22:50:53 UTC] PHP Fatal error:  Uncaught exception 'PDOException' with message 'SQLSTATE[HY000] [1049] Unknown database 'ottermart'' in /home/ubuntu/workspace/cst336/inc/dbConnection.php:11
Stack trace:
#0 /home/ubuntu/workspace/cst336/inc/dbConnection.php(11): PDO->__construct('mysql:host=loca...', 'root', '')
#1 /home/ubuntu/workspace/cst336/labs/lab6/index.php(4): startConnection('ottermart')
#2 {main}
  thrown in /home/ubuntu/workspace/cst336/inc/dbConnection.php on line 11
[15-Oct-2018 22:27:18 UTC] PHP Fatal error:  Uncaught exception 'PDOException' with message 'SQLSTATE[HY000] [1049] Unknown database 'ottermart'' in /home/ubuntu/workspace/cst336/inc/dbConnection.php:11
Stack trace:
#0 /home/ubuntu/workspace/cst336/inc/dbConnection.php(11): PDO->__construct('mysql:host=loca...', 'root', '')
#1 /home/ubuntu/workspace/cst336/labs/lab6/index.php(4): startConnection('ottermart')
#2 {main}
  thrown in /home/ubuntu/workspace/cst336/inc/dbConnection.php on line 11
[15-Oct-2018 22:27:19 UTC] PHP Fatal error:  Uncaught exception 'PDOException' with message 'SQLSTATE[HY000] [1049] Unknown database 'ottermart'' in /home/ubuntu/workspace/cst336/inc/dbConnection.php:11
Stack trace:
#0 /home/ubuntu/workspace/cst336/inc/dbConnection.php(11): PDO->__construct('mysql:host=loca...', 'root', '')
#1 /home/ubuntu/workspace/cst336/labs/lab6/index.php(4): startConnection('ottermart')
#2 {main}
  thrown in /home/ubuntu/workspace/cst336/inc/dbConnection.php on line 11
[15-Oct-2018 22:28:12 UTC] PHP Fatal error:  Uncaught exception 'PDOException' with message 'SQLSTATE[42000]: Syntax error or access violation: 1064 You have an error in your SQL syntax; check the manual that corresponds to your MySQL server version for the right syntax to use near '0' at line 1' in /home/ubuntu/workspace/cst336/labs/lab6/index.php:51
Stack trace:
#0 /home/ubuntu/workspace/cst336/labs/lab6/index.php(51): PDOStatement->execute(Array)
#1 /home/ubuntu/workspace/cst336/labs/lab6/index.php(84): filterProducts()
#2 {main}
  thrown in /home/ubuntu/workspace/cst336/labs/lab6/index.php on line 51
[15-Oct-2018 22:44:22 UTC] PHP Fatal error:  Uncaught exception 'PDOException' with message 'SQLSTATE[42000]: Syntax error or access violation: 1064 You have an error in your SQL syntax; check the manual that corresponds to your MySQL server version for the right syntax to use near '0' at line 1' in /home/ubuntu/workspace/cst336/labs/lab6/index.php:51
Stack trace:
#0 /home/ubuntu/workspace/cst336/labs/lab6/index.php(51): PDOStatement->execute(Array)
#1 /home/ubuntu/workspace/cst336/labs/lab6/index.php(84): filterProducts()
#2 {main}
  thrown in /home/ubuntu/workspace/cst336/labs/lab6/index.php on line 51
[27-Oct-2018 00:15:36 UTC] PHP Fatal error:  Uncaught exception 'PDOException' with message 'SQLSTATE[HY000] [1049] Unknown database 'ottermart'' in /home/ubuntu/workspace/cst336/inc/dbConnection.php:11
Stack trace:
#0 /home/ubuntu/workspace/cst336/inc/dbConnection.php(11): PDO->__construct('mysql:host=loca...', 'root', '')
#1 /home/ubuntu/workspace/cst336/labs/lab6/productInfo.php(3): startConnection('ottermart')
#2 {main}
  thrown in /home/ubuntu/workspace/cst336/inc/dbConnection.php on line 11
[27-Oct-2018 00:25:03 UTC] PHP Fatal error:  Uncaught exception 'PDOException' with message 'SQLSTATE[HY000] [1049] Unknown database 'ottermart'' in /home/ubuntu/workspace/cst336/inc/dbConnection.php:11
Stack trace:
#0 /home/ubuntu/workspace/cst336/inc/dbConnection.php(11): PDO->__construct('mysql:host=loca...', 'root', '')
#1 /home/ubuntu/workspace/cst336/labs/lab6/index.php(4): startConnection('ottermart')
#2 {main}
  thrown in /home/ubuntu/workspace/cst336/inc/dbConnection.php on line 11
